{"contracts/interfaces/IMPHAssetTracking.sol":{"l":{},"path":"/Users/amgi/Desktop/mph-router/contracts/interfaces/IMPHAssetTracking.sol","s":{},"b":{},"f":{},"fnMap":{},"statementMap":{},"branchMap":{}},"contracts/interfaces/IMPHGameMarketplace.sol":{"l":{},"path":"/Users/amgi/Desktop/mph-router/contracts/interfaces/IMPHGameMarketplace.sol","s":{},"b":{},"f":{},"fnMap":{},"statementMap":{},"branchMap":{}},"contracts/interfaces/IMPHGameMarketplaceNative.sol":{"l":{},"path":"/Users/amgi/Desktop/mph-router/contracts/interfaces/IMPHGameMarketplaceNative.sol","s":{},"b":{},"f":{},"fnMap":{},"statementMap":{},"branchMap":{}},"contracts/interfaces/ITieredGameInventory1155.sol":{"l":{},"path":"/Users/amgi/Desktop/mph-router/contracts/interfaces/ITieredGameInventory1155.sol","s":{},"b":{},"f":{},"fnMap":{},"statementMap":{},"branchMap":{}},"contracts/interfaces/ITieredGameInventoryStudioChain1155.sol":{"l":{},"path":"/Users/amgi/Desktop/mph-router/contracts/interfaces/ITieredGameInventoryStudioChain1155.sol","s":{},"b":{},"f":{},"fnMap":{},"statementMap":{},"branchMap":{}},"contracts/Mocks/Mock1155.sol":{"l":{"10":0},"path":"/Users/amgi/Desktop/mph-router/contracts/Mocks/Mock1155.sol","s":{"1":0},"b":{},"f":{"1":1,"2":0},"fnMap":{"1":{"name":"constructor","line":7,"loc":{"start":{"line":7,"column":4},"end":{"line":7,"column":48}}},"2":{"name":"mint","line":9,"loc":{"start":{"line":9,"column":4},"end":{"line":11,"column":4}}}},"statementMap":{"1":{"start":{"line":10,"column":8},"end":{"line":10,"column":32}}},"branchMap":{}},"contracts/Mocks/Mocks.sol":{"l":{"12":73,"13":73,"17":220,"21":80,"38":73,"42":104,"46":177,"47":177,"48":177,"52":105,"53":105,"54":105,"58":0,"62":96,"63":0,"65":96,"69":96,"70":96,"71":96,"72":96},"path":"/Users/amgi/Desktop/mph-router/contracts/Mocks/Mocks.sol","s":{"1":73,"2":73,"3":80,"4":73,"5":104,"6":177,"7":105,"8":105,"9":0,"10":96,"11":96,"12":96,"13":96},"b":{"1":[220,0],"2":[0,96]},"f":{"1":73,"2":220,"3":80,"4":73,"5":104,"6":177,"7":105,"8":0,"9":96,"10":96},"fnMap":{"1":{"name":"constructor","line":11,"loc":{"start":{"line":11,"column":4},"end":{"line":14,"column":4}}},"2":{"name":"setAllowedAddress","line":16,"loc":{"start":{"line":16,"column":4},"end":{"line":18,"column":4}}},"3":{"name":"isItApproved","line":20,"loc":{"start":{"line":20,"column":4},"end":{"line":22,"column":4}}},"4":{"name":"constructor","line":37,"loc":{"start":{"line":37,"column":4},"end":{"line":39,"column":4}}},"5":{"name":"mint","line":41,"loc":{"start":{"line":41,"column":4},"end":{"line":43,"column":4}}},"6":{"name":"_mint","line":45,"loc":{"start":{"line":45,"column":4},"end":{"line":49,"column":4}}},"7":{"name":"approve","line":51,"loc":{"start":{"line":51,"column":4},"end":{"line":55,"column":4}}},"8":{"name":"transfer","line":57,"loc":{"start":{"line":57,"column":4},"end":{"line":59,"column":4}}},"9":{"name":"transferFrom","line":61,"loc":{"start":{"line":61,"column":4},"end":{"line":66,"column":4}}},"10":{"name":"_transfer","line":68,"loc":{"start":{"line":68,"column":4},"end":{"line":73,"column":4}}}},"statementMap":{"1":{"start":{"line":12,"column":8},"end":{"line":12,"column":52}},"2":{"start":{"line":13,"column":8},"end":{"line":13,"column":53}},"3":{"start":{"line":21,"column":8},"end":{"line":21,"column":41}},"4":{"start":{"line":38,"column":8},"end":{"line":38,"column":44}},"5":{"start":{"line":42,"column":8},"end":{"line":42,"column":24}},"6":{"start":{"line":48,"column":8},"end":{"line":48,"column":45}},"7":{"start":{"line":53,"column":8},"end":{"line":53,"column":50}},"8":{"start":{"line":54,"column":8},"end":{"line":54,"column":19}},"9":{"start":{"line":58,"column":8},"end":{"line":58,"column":48}},"10":{"start":{"line":62,"column":8},"end":{"line":62,"column":2024}},"11":{"start":{"line":65,"column":8},"end":{"line":65,"column":42}},"12":{"start":{"line":71,"column":8},"end":{"line":71,"column":39}},"13":{"start":{"line":72,"column":8},"end":{"line":72,"column":19}}},"branchMap":{"1":{"line":16,"type":"if","locations":[{"start":{"line":16,"column":73},"end":{"line":16,"column":73}},{"start":{"line":16,"column":73},"end":{"line":16,"column":73}}]},"2":{"line":62,"type":"if","locations":[{"start":{"line":62,"column":8},"end":{"line":62,"column":8}},{"start":{"line":62,"column":8},"end":{"line":62,"column":8}}]}}},"contracts/MPHAssetTracking.sol":{"l":{"25":73,"26":73,"27":73,"31":73,"32":73,"33":73,"34":73,"37":73,"39":73,"43":0,"45":0,"46":0,"47":0,"48":0,"49":0,"53":0,"54":0,"56":0,"60":0,"69":84,"78":103,"87":0},"path":"/Users/amgi/Desktop/mph-router/contracts/MPHAssetTracking.sol","s":{"1":73,"2":73,"3":73,"4":73,"5":73,"6":73,"7":73,"8":0,"9":0,"10":0,"11":0,"12":0,"13":0,"14":0,"15":84,"16":103,"17":0},"b":{"1":[73,0],"2":[73,0],"3":[0,0],"4":[0,0],"5":[0,0],"6":[84,0],"7":[103,0],"8":[0,0]},"f":{"1":73,"2":73,"3":0,"4":0,"5":84,"6":103,"7":0},"fnMap":{"1":{"name":"constructor","line":24,"loc":{"start":{"line":24,"column":4},"end":{"line":28,"column":4}}},"2":{"name":"addNewContract","line":30,"loc":{"start":{"line":30,"column":4},"end":{"line":40,"column":4}}},"3":{"name":"removeContract","line":42,"loc":{"start":{"line":42,"column":4},"end":{"line":57,"column":4}}},"4":{"name":"getAllDeployedContracts","line":59,"loc":{"start":{"line":59,"column":4},"end":{"line":61,"column":4}}},"5":{"name":"emitMint","line":68,"loc":{"start":{"line":63,"column":4},"end":{"line":70,"column":4}}},"6":{"name":"emitTransfer","line":77,"loc":{"start":{"line":72,"column":4},"end":{"line":79,"column":4}}},"7":{"name":"emitBurn","line":86,"loc":{"start":{"line":81,"column":4},"end":{"line":88,"column":4}}}},"statementMap":{"1":{"start":{"line":25,"column":8},"end":{"line":25,"column":44}},"2":{"start":{"line":26,"column":8},"end":{"line":26,"column":50}},"3":{"start":{"line":31,"column":8},"end":{"line":31,"column":78}},"4":{"start":{"line":32,"column":8},"end":{"line":32,"column":46}},"5":{"start":{"line":34,"column":8},"end":{"line":34,"column":57}},"6":{"start":{"line":37,"column":8},"end":{"line":37,"column":56}},"7":{"start":{"line":39,"column":8},"end":{"line":39,"column":43}},"8":{"start":{"line":43,"column":8},"end":{"line":43,"column":73}},"9":{"start":{"line":45,"column":8},"end":{"line":45,"column":1754}},"10":{"start":{"line":46,"column":12},"end":{"line":46,"column":1827}},"11":{"start":{"line":48,"column":16},"end":{"line":48,"column":38}},"12":{"start":{"line":54,"column":8},"end":{"line":54,"column":58}},"13":{"start":{"line":56,"column":8},"end":{"line":56,"column":45}},"14":{"start":{"line":60,"column":8},"end":{"line":60,"column":32}},"15":{"start":{"line":69,"column":8},"end":{"line":69,"column":62}},"16":{"start":{"line":78,"column":8},"end":{"line":78,"column":65}},"17":{"start":{"line":87,"column":8},"end":{"line":87,"column":64}}},"branchMap":{"1":{"line":30,"type":"if","locations":[{"start":{"line":30,"column":62},"end":{"line":30,"column":62}},{"start":{"line":30,"column":62},"end":{"line":30,"column":62}}]},"2":{"line":31,"type":"if","locations":[{"start":{"line":31,"column":8},"end":{"line":31,"column":8}},{"start":{"line":31,"column":8},"end":{"line":31,"column":8}}]},"3":{"line":42,"type":"if","locations":[{"start":{"line":42,"column":62},"end":{"line":42,"column":62}},{"start":{"line":42,"column":62},"end":{"line":42,"column":62}}]},"4":{"line":43,"type":"if","locations":[{"start":{"line":43,"column":8},"end":{"line":43,"column":8}},{"start":{"line":43,"column":8},"end":{"line":43,"column":8}}]},"5":{"line":46,"type":"if","locations":[{"start":{"line":46,"column":12},"end":{"line":46,"column":12}},{"start":{"line":46,"column":12},"end":{"line":46,"column":12}}]},"6":{"line":68,"type":"if","locations":[{"start":{"line":68,"column":15},"end":{"line":68,"column":15}},{"start":{"line":68,"column":15},"end":{"line":68,"column":15}}]},"7":{"line":77,"type":"if","locations":[{"start":{"line":77,"column":15},"end":{"line":77,"column":15}},{"start":{"line":77,"column":15},"end":{"line":77,"column":15}}]},"8":{"line":86,"type":"if","locations":[{"start":{"line":86,"column":15},"end":{"line":86,"column":15}},{"start":{"line":86,"column":15},"end":{"line":86,"column":15}}]}}},"contracts/MPHGameMarketplace1155.sol":{"l":{"71":32,"72":32,"73":32,"74":32,"92":11,"95":11,"98":10,"101":9,"104":8,"107":8,"110":8,"111":8,"114":5,"115":5,"118":5,"119":5,"120":4,"124":5,"127":5,"129":5,"142":4,"145":4,"149":1,"151":1,"152":2,"153":2,"154":2,"155":2,"156":2,"157":2,"160":2,"161":2,"162":2,"163":2,"165":2,"168":2,"171":2,"172":2,"174":2,"175":2,"178":2,"181":2,"184":2,"186":2,"190":1,"191":1,"197":3,"199":2,"200":2,"202":2,"211":37,"212":36,"213":36,"218":1,"219":1,"224":1,"225":1,"234":10,"240":0},"path":"/Users/amgi/Desktop/mph-router/contracts/MPHGameMarketplace1155.sol","s":{"1":32,"2":11,"3":11,"4":10,"5":9,"6":8,"7":8,"8":8,"9":8,"10":5,"11":5,"12":5,"13":5,"14":4,"15":5,"16":5,"17":4,"18":4,"19":1,"20":1,"21":2,"22":2,"23":2,"24":2,"25":2,"26":2,"27":2,"28":2,"29":2,"30":2,"31":2,"32":2,"33":2,"34":2,"35":2,"36":2,"37":2,"38":2,"39":1,"40":1,"41":3,"42":2,"43":2,"44":37,"45":36,"46":1,"47":1,"48":10,"49":0},"b":{"1":[11,0],"2":[0,11],"3":[1,10],"4":[1,9],"5":[1,8],"6":[3,5],"7":[4,1],"8":[4,0],"9":[3,1],"10":[1,0],"11":[0,0],"12":[0,0],"13":[0,0],"14":[0,0],"15":[0,1],"16":[1,1],"17":[0,2],"18":[0,2],"19":[0,2],"20":[0,2],"21":[0,2],"22":[1,0],"23":[1,2],"24":[37,1],"25":[1,36],"26":[1,1],"27":[1,1]},"f":{"1":32,"2":11,"3":4,"4":3,"5":37,"6":1,"7":1,"8":10,"9":0},"fnMap":{"1":{"name":"constructor","line":70,"loc":{"start":{"line":65,"column":4},"end":{"line":75,"column":4}}},"2":{"name":"buyNFT","line":90,"loc":{"start":{"line":82,"column":4},"end":{"line":130,"column":4}}},"3":{"name":"buyMultipleNFTs","line":141,"loc":{"start":{"line":133,"column":4},"end":{"line":193,"column":4}}},"4":{"name":"delistToken","line":196,"loc":{"start":{"line":196,"column":4},"end":{"line":203,"column":4}}},"5":{"name":"setFeePerMille","line":210,"loc":{"start":{"line":210,"column":4},"end":{"line":214,"column":4}}},"6":{"name":"setMarketPlace","line":217,"loc":{"start":{"line":217,"column":4},"end":{"line":220,"column":4}}},"7":{"name":"setVerifier","line":223,"loc":{"start":{"line":223,"column":4},"end":{"line":226,"column":4}}},"8":{"name":"calculateRoyalty","line":233,"loc":{"start":{"line":233,"column":4},"end":{"line":235,"column":4}}},"9":{"name":"domainSeparator","line":239,"loc":{"start":{"line":239,"column":4},"end":{"line":241,"column":4}}}},"statementMap":{"1":{"start":{"line":71,"column":8},"end":{"line":71,"column":44}},"2":{"start":{"line":92,"column":8},"end":{"line":92,"column":83}},"3":{"start":{"line":95,"column":8},"end":{"line":95,"column":65}},"4":{"start":{"line":98,"column":8},"end":{"line":98,"column":102}},"5":{"start":{"line":101,"column":8},"end":{"line":101,"column":107}},"6":{"start":{"line":104,"column":8},"end":{"line":104,"column":60}},"7":{"start":{"line":107,"column":8},"end":{"line":107,"column":4306}},"8":{"start":{"line":110,"column":8},"end":{"line":110,"column":82}},"9":{"start":{"line":111,"column":8},"end":{"line":111,"column":50}},"10":{"start":{"line":114,"column":8},"end":{"line":114,"column":43}},"11":{"start":{"line":115,"column":8},"end":{"line":115,"column":54}},"12":{"start":{"line":118,"column":8},"end":{"line":118,"column":68}},"13":{"start":{"line":119,"column":8},"end":{"line":119,"column":4842}},"14":{"start":{"line":120,"column":12},"end":{"line":120,"column":74}},"15":{"start":{"line":124,"column":8},"end":{"line":124,"column":86}},"16":{"start":{"line":129,"column":8},"end":{"line":129,"column":84}},"17":{"start":{"line":142,"column":8},"end":{"line":142,"column":35}},"18":{"start":{"line":145,"column":8},"end":{"line":145,"column":5773}},"19":{"start":{"line":149,"column":8},"end":{"line":149,"column":35}},"20":{"start":{"line":151,"column":8},"end":{"line":151,"column":5993}},"21":{"start":{"line":152,"column":12},"end":{"line":152,"column":49}},"22":{"start":{"line":153,"column":12},"end":{"line":153,"column":41}},"23":{"start":{"line":154,"column":12},"end":{"line":154,"column":39}},"24":{"start":{"line":155,"column":12},"end":{"line":155,"column":37}},"25":{"start":{"line":156,"column":12},"end":{"line":156,"column":43}},"26":{"start":{"line":157,"column":12},"end":{"line":157,"column":39}},"27":{"start":{"line":160,"column":12},"end":{"line":160,"column":87}},"28":{"start":{"line":161,"column":12},"end":{"line":161,"column":69}},"29":{"start":{"line":162,"column":12},"end":{"line":162,"column":106}},"30":{"start":{"line":163,"column":12},"end":{"line":163,"column":111}},"31":{"start":{"line":165,"column":12},"end":{"line":165,"column":64}},"32":{"start":{"line":168,"column":12},"end":{"line":168,"column":6823}},"33":{"start":{"line":171,"column":12},"end":{"line":171,"column":90}},"34":{"start":{"line":172,"column":12},"end":{"line":172,"column":54}},"35":{"start":{"line":174,"column":12},"end":{"line":174,"column":47}},"36":{"start":{"line":178,"column":12},"end":{"line":178,"column":72}},"37":{"start":{"line":181,"column":12},"end":{"line":181,"column":90}},"38":{"start":{"line":186,"column":12},"end":{"line":186,"column":88}},"39":{"start":{"line":190,"column":8},"end":{"line":190,"column":7751}},"40":{"start":{"line":191,"column":12},"end":{"line":191,"column":82}},"41":{"start":{"line":197,"column":8},"end":{"line":197,"column":88}},"42":{"start":{"line":199,"column":8},"end":{"line":199,"column":71}},"43":{"start":{"line":202,"column":8},"end":{"line":202,"column":73}},"44":{"start":{"line":211,"column":8},"end":{"line":211,"column":58}},"45":{"start":{"line":213,"column":8},"end":{"line":213,"column":39}},"46":{"start":{"line":219,"column":8},"end":{"line":219,"column":47}},"47":{"start":{"line":225,"column":8},"end":{"line":225,"column":39}},"48":{"start":{"line":234,"column":8},"end":{"line":234,"column":43}},"49":{"start":{"line":240,"column":8},"end":{"line":240,"column":35}}},"branchMap":{"1":{"line":90,"type":"if","locations":[{"start":{"line":90,"column":24},"end":{"line":90,"column":24}},{"start":{"line":90,"column":24},"end":{"line":90,"column":24}}]},"2":{"line":92,"type":"if","locations":[{"start":{"line":92,"column":8},"end":{"line":92,"column":8}},{"start":{"line":92,"column":8},"end":{"line":92,"column":8}}]},"3":{"line":95,"type":"if","locations":[{"start":{"line":95,"column":8},"end":{"line":95,"column":8}},{"start":{"line":95,"column":8},"end":{"line":95,"column":8}}]},"4":{"line":98,"type":"if","locations":[{"start":{"line":98,"column":8},"end":{"line":98,"column":8}},{"start":{"line":98,"column":8},"end":{"line":98,"column":8}}]},"5":{"line":101,"type":"if","locations":[{"start":{"line":101,"column":8},"end":{"line":101,"column":8}},{"start":{"line":101,"column":8},"end":{"line":101,"column":8}}]},"6":{"line":111,"type":"if","locations":[{"start":{"line":111,"column":8},"end":{"line":111,"column":8}},{"start":{"line":111,"column":8},"end":{"line":111,"column":8}}]},"7":{"line":119,"type":"if","locations":[{"start":{"line":119,"column":8},"end":{"line":119,"column":8}},{"start":{"line":119,"column":8},"end":{"line":119,"column":8}}]},"8":{"line":141,"type":"if","locations":[{"start":{"line":141,"column":24},"end":{"line":141,"column":24}},{"start":{"line":141,"column":24},"end":{"line":141,"column":24}}]},"9":{"line":145,"type":"if","locations":[{"start":{"line":145,"column":8},"end":{"line":145,"column":8}},{"start":{"line":145,"column":8},"end":{"line":145,"column":8}}]},"10":{"line":145,"type":"cond-expr","locations":[{"start":{"line":145,"column":12},"end":{"line":145,"column":35}},{"start":{"line":145,"column":40},"end":{"line":145,"column":58}}]},"11":{"line":145,"type":"cond-expr","locations":[{"start":{"line":145,"column":12},"end":{"line":145,"column":58}},{"start":{"line":145,"column":63},"end":{"line":145,"column":80}}]},"12":{"line":145,"type":"cond-expr","locations":[{"start":{"line":145,"column":12},"end":{"line":145,"column":80}},{"start":{"line":146,"column":12},"end":{"line":146,"column":32}}]},"13":{"line":145,"type":"cond-expr","locations":[{"start":{"line":145,"column":12},"end":{"line":146,"column":32}},{"start":{"line":146,"column":37},"end":{"line":146,"column":55}}]},"14":{"line":145,"type":"cond-expr","locations":[{"start":{"line":145,"column":12},"end":{"line":146,"column":55}},{"start":{"line":146,"column":60},"end":{"line":146,"column":81}}]},"15":{"line":145,"type":"cond-expr","locations":[{"start":{"line":145,"column":12},"end":{"line":146,"column":81}},{"start":{"line":147,"column":12},"end":{"line":147,"column":17}}]},"16":{"line":145,"type":"cond-expr","locations":[{"start":{"line":145,"column":12},"end":{"line":147,"column":17}},{"start":{"line":147,"column":22},"end":{"line":147,"column":27}}]},"17":{"line":160,"type":"if","locations":[{"start":{"line":160,"column":12},"end":{"line":160,"column":12}},{"start":{"line":160,"column":12},"end":{"line":160,"column":12}}]},"18":{"line":161,"type":"if","locations":[{"start":{"line":161,"column":12},"end":{"line":161,"column":12}},{"start":{"line":161,"column":12},"end":{"line":161,"column":12}}]},"19":{"line":162,"type":"if","locations":[{"start":{"line":162,"column":12},"end":{"line":162,"column":12}},{"start":{"line":162,"column":12},"end":{"line":162,"column":12}}]},"20":{"line":163,"type":"if","locations":[{"start":{"line":163,"column":12},"end":{"line":163,"column":12}},{"start":{"line":163,"column":12},"end":{"line":163,"column":12}}]},"21":{"line":172,"type":"if","locations":[{"start":{"line":172,"column":12},"end":{"line":172,"column":12}},{"start":{"line":172,"column":12},"end":{"line":172,"column":12}}]},"22":{"line":190,"type":"if","locations":[{"start":{"line":190,"column":8},"end":{"line":190,"column":8}},{"start":{"line":190,"column":8},"end":{"line":190,"column":8}}]},"23":{"line":197,"type":"if","locations":[{"start":{"line":197,"column":8},"end":{"line":197,"column":8}},{"start":{"line":197,"column":8},"end":{"line":197,"column":8}}]},"24":{"line":210,"type":"if","locations":[{"start":{"line":210,"column":70},"end":{"line":210,"column":70}},{"start":{"line":210,"column":70},"end":{"line":210,"column":70}}]},"25":{"line":211,"type":"if","locations":[{"start":{"line":211,"column":8},"end":{"line":211,"column":8}},{"start":{"line":211,"column":8},"end":{"line":211,"column":8}}]},"26":{"line":217,"type":"if","locations":[{"start":{"line":217,"column":70},"end":{"line":217,"column":70}},{"start":{"line":217,"column":70},"end":{"line":217,"column":70}}]},"27":{"line":223,"type":"if","locations":[{"start":{"line":223,"column":62},"end":{"line":223,"column":62}},{"start":{"line":223,"column":62},"end":{"line":223,"column":62}}]}}},"contracts/MPHGameMarketplaceNative.sol":{"l":{"61":45,"62":3,"65":42,"66":42,"67":42,"85":14,"88":13,"91":12,"94":11,"97":10,"100":10,"103":10,"104":10,"107":7,"108":7,"109":7,"112":7,"115":6,"118":6,"121":6,"122":6,"123":5,"127":6,"128":1,"131":6,"144":7,"147":7,"158":4,"159":4,"162":4,"163":8,"164":8,"165":8,"169":4,"170":1,"174":3,"175":6,"176":6,"177":6,"178":6,"179":6,"180":6,"183":6,"184":6,"185":6,"186":6,"189":6,"190":6,"193":6,"194":6,"197":6,"200":6,"203":6,"204":6,"205":6,"207":6,"211":3,"212":3,"216":3,"217":1,"223":3,"224":2,"225":2,"234":47,"235":46,"236":46,"241":2,"242":1,"243":1,"248":2,"249":1,"250":1,"259":24,"270":22,"271":22},"path":"/Users/amgi/Desktop/mph-router/contracts/MPHGameMarketplaceNative.sol","s":{"1":45,"2":42,"3":14,"4":13,"5":12,"6":11,"7":10,"8":10,"9":10,"10":10,"11":7,"12":7,"13":7,"14":7,"15":6,"16":6,"17":6,"18":5,"19":6,"20":1,"21":6,"22":7,"23":7,"24":4,"25":4,"26":4,"27":8,"28":4,"29":3,"30":6,"31":6,"32":6,"33":6,"34":6,"35":6,"36":6,"37":6,"38":6,"39":6,"40":6,"41":6,"42":6,"43":6,"44":6,"45":6,"46":6,"47":6,"48":6,"49":3,"50":3,"51":3,"52":1,"53":3,"54":2,"55":47,"56":46,"57":2,"58":1,"59":2,"60":1,"61":24,"62":22,"63":22},"b":{"1":[3,42],"2":[1,1],"3":[1,1],"4":[14,0],"5":[1,13],"6":[1,12],"7":[1,11],"8":[1,10],"9":[3,7],"10":[1,6],"11":[5,1],"12":[1,5],"13":[7,0],"14":[3,4],"15":[1,0],"16":[0,0],"17":[0,0],"18":[0,0],"19":[0,0],"20":[0,1],"21":[1,1],"22":[1,3],"23":[0,6],"24":[0,6],"25":[0,6],"26":[0,6],"27":[0,6],"28":[3,0],"29":[1,2],"30":[1,2],"31":[47,1],"32":[1,46],"33":[2,1],"34":[1,1],"35":[2,1],"36":[1,1],"37":[0,22]},"f":{"1":45,"2":14,"3":7,"4":3,"5":47,"6":2,"7":2,"8":24,"9":22},"fnMap":{"1":{"name":"constructor","line":60,"loc":{"start":{"line":56,"column":4},"end":{"line":68,"column":4}}},"2":{"name":"buyNFT","line":83,"loc":{"start":{"line":75,"column":4},"end":{"line":132,"column":4}}},"3":{"name":"buyMultipleNFTs","line":143,"loc":{"start":{"line":135,"column":4},"end":{"line":219,"column":4}}},"4":{"name":"delistToken","line":222,"loc":{"start":{"line":222,"column":4},"end":{"line":226,"column":4}}},"5":{"name":"setFeePerMille","line":233,"loc":{"start":{"line":233,"column":4},"end":{"line":237,"column":4}}},"6":{"name":"setFeeReceiver","line":240,"loc":{"start":{"line":240,"column":4},"end":{"line":244,"column":4}}},"7":{"name":"setVerifier","line":247,"loc":{"start":{"line":247,"column":4},"end":{"line":251,"column":4}}},"8":{"name":"calculateFee","line":258,"loc":{"start":{"line":258,"column":4},"end":{"line":260,"column":4}}},"9":{"name":"_transferETH","line":269,"loc":{"start":{"line":269,"column":4},"end":{"line":272,"column":4}}}},"statementMap":{"1":{"start":{"line":61,"column":8},"end":{"line":61,"column":2363}},"2":{"start":{"line":65,"column":8},"end":{"line":65,"column":44}},"3":{"start":{"line":85,"column":8},"end":{"line":85,"column":83}},"4":{"start":{"line":88,"column":8},"end":{"line":88,"column":65}},"5":{"start":{"line":91,"column":8},"end":{"line":91,"column":102}},"6":{"start":{"line":94,"column":8},"end":{"line":94,"column":107}},"7":{"start":{"line":97,"column":8},"end":{"line":97,"column":60}},"8":{"start":{"line":100,"column":8},"end":{"line":100,"column":3738}},"9":{"start":{"line":103,"column":8},"end":{"line":103,"column":82}},"10":{"start":{"line":104,"column":8},"end":{"line":104,"column":50}},"11":{"start":{"line":107,"column":8},"end":{"line":107,"column":43}},"12":{"start":{"line":108,"column":8},"end":{"line":108,"column":46}},"13":{"start":{"line":109,"column":8},"end":{"line":109,"column":49}},"14":{"start":{"line":112,"column":8},"end":{"line":112,"column":97}},"15":{"start":{"line":118,"column":8},"end":{"line":118,"column":86}},"16":{"start":{"line":121,"column":8},"end":{"line":121,"column":52}},"17":{"start":{"line":122,"column":8},"end":{"line":122,"column":4615}},"18":{"start":{"line":123,"column":12},"end":{"line":123,"column":41}},"19":{"start":{"line":127,"column":8},"end":{"line":127,"column":4718}},"20":{"start":{"line":128,"column":12},"end":{"line":128,"column":74}},"21":{"start":{"line":131,"column":8},"end":{"line":131,"column":84}},"22":{"start":{"line":144,"column":8},"end":{"line":144,"column":35}},"23":{"start":{"line":147,"column":8},"end":{"line":147,"column":5422}},"24":{"start":{"line":158,"column":8},"end":{"line":158,"column":33}},"25":{"start":{"line":159,"column":8},"end":{"line":159,"column":29}},"26":{"start":{"line":162,"column":8},"end":{"line":162,"column":5831}},"27":{"start":{"line":163,"column":12},"end":{"line":163,"column":54}},"28":{"start":{"line":169,"column":8},"end":{"line":169,"column":6064}},"29":{"start":{"line":174,"column":8},"end":{"line":174,"column":6248}},"30":{"start":{"line":175,"column":12},"end":{"line":175,"column":49}},"31":{"start":{"line":176,"column":12},"end":{"line":176,"column":41}},"32":{"start":{"line":177,"column":12},"end":{"line":177,"column":39}},"33":{"start":{"line":178,"column":12},"end":{"line":178,"column":37}},"34":{"start":{"line":179,"column":12},"end":{"line":179,"column":43}},"35":{"start":{"line":180,"column":12},"end":{"line":180,"column":39}},"36":{"start":{"line":183,"column":12},"end":{"line":183,"column":87}},"37":{"start":{"line":184,"column":12},"end":{"line":184,"column":69}},"38":{"start":{"line":185,"column":12},"end":{"line":185,"column":106}},"39":{"start":{"line":186,"column":12},"end":{"line":186,"column":111}},"40":{"start":{"line":189,"column":12},"end":{"line":189,"column":64}},"41":{"start":{"line":190,"column":12},"end":{"line":190,"column":7067}},"42":{"start":{"line":193,"column":12},"end":{"line":193,"column":90}},"43":{"start":{"line":194,"column":12},"end":{"line":194,"column":54}},"44":{"start":{"line":200,"column":12},"end":{"line":200,"column":90}},"45":{"start":{"line":203,"column":12},"end":{"line":203,"column":47}},"46":{"start":{"line":204,"column":12},"end":{"line":204,"column":50}},"47":{"start":{"line":205,"column":12},"end":{"line":205,"column":58}},"48":{"start":{"line":207,"column":12},"end":{"line":207,"column":88}},"49":{"start":{"line":211,"column":8},"end":{"line":211,"column":7916}},"50":{"start":{"line":212,"column":12},"end":{"line":212,"column":47}},"51":{"start":{"line":216,"column":8},"end":{"line":216,"column":8031}},"52":{"start":{"line":217,"column":12},"end":{"line":217,"column":83}},"53":{"start":{"line":223,"column":8},"end":{"line":223,"column":88}},"54":{"start":{"line":225,"column":8},"end":{"line":225,"column":63}},"55":{"start":{"line":234,"column":8},"end":{"line":234,"column":58}},"56":{"start":{"line":236,"column":8},"end":{"line":236,"column":39}},"57":{"start":{"line":241,"column":8},"end":{"line":241,"column":62}},"58":{"start":{"line":243,"column":8},"end":{"line":243,"column":47}},"59":{"start":{"line":248,"column":8},"end":{"line":248,"column":59}},"60":{"start":{"line":250,"column":8},"end":{"line":250,"column":41}},"61":{"start":{"line":259,"column":8},"end":{"line":259,"column":43}},"62":{"start":{"line":270,"column":8},"end":{"line":270,"column":53}},"63":{"start":{"line":271,"column":8},"end":{"line":271,"column":45}}},"branchMap":{"1":{"line":61,"type":"if","locations":[{"start":{"line":61,"column":8},"end":{"line":61,"column":8}},{"start":{"line":61,"column":8},"end":{"line":61,"column":8}}]},"2":{"line":61,"type":"cond-expr","locations":[{"start":{"line":61,"column":12},"end":{"line":61,"column":34}},{"start":{"line":61,"column":39},"end":{"line":61,"column":57}}]},"3":{"line":61,"type":"cond-expr","locations":[{"start":{"line":61,"column":12},"end":{"line":61,"column":57}},{"start":{"line":61,"column":62},"end":{"line":61,"column":87}}]},"4":{"line":83,"type":"if","locations":[{"start":{"line":83,"column":32},"end":{"line":83,"column":32}},{"start":{"line":83,"column":32},"end":{"line":83,"column":32}}]},"5":{"line":85,"type":"if","locations":[{"start":{"line":85,"column":8},"end":{"line":85,"column":8}},{"start":{"line":85,"column":8},"end":{"line":85,"column":8}}]},"6":{"line":88,"type":"if","locations":[{"start":{"line":88,"column":8},"end":{"line":88,"column":8}},{"start":{"line":88,"column":8},"end":{"line":88,"column":8}}]},"7":{"line":91,"type":"if","locations":[{"start":{"line":91,"column":8},"end":{"line":91,"column":8}},{"start":{"line":91,"column":8},"end":{"line":91,"column":8}}]},"8":{"line":94,"type":"if","locations":[{"start":{"line":94,"column":8},"end":{"line":94,"column":8}},{"start":{"line":94,"column":8},"end":{"line":94,"column":8}}]},"9":{"line":104,"type":"if","locations":[{"start":{"line":104,"column":8},"end":{"line":104,"column":8}},{"start":{"line":104,"column":8},"end":{"line":104,"column":8}}]},"10":{"line":112,"type":"if","locations":[{"start":{"line":112,"column":8},"end":{"line":112,"column":8}},{"start":{"line":112,"column":8},"end":{"line":112,"column":8}}]},"11":{"line":122,"type":"if","locations":[{"start":{"line":122,"column":8},"end":{"line":122,"column":8}},{"start":{"line":122,"column":8},"end":{"line":122,"column":8}}]},"12":{"line":127,"type":"if","locations":[{"start":{"line":127,"column":8},"end":{"line":127,"column":8}},{"start":{"line":127,"column":8},"end":{"line":127,"column":8}}]},"13":{"line":143,"type":"if","locations":[{"start":{"line":143,"column":32},"end":{"line":143,"column":32}},{"start":{"line":143,"column":32},"end":{"line":143,"column":32}}]},"14":{"line":147,"type":"if","locations":[{"start":{"line":147,"column":8},"end":{"line":147,"column":8}},{"start":{"line":147,"column":8},"end":{"line":147,"column":8}}]},"15":{"line":148,"type":"cond-expr","locations":[{"start":{"line":148,"column":12},"end":{"line":148,"column":35}},{"start":{"line":149,"column":12},"end":{"line":149,"column":30}}]},"16":{"line":148,"type":"cond-expr","locations":[{"start":{"line":148,"column":12},"end":{"line":149,"column":30}},{"start":{"line":150,"column":12},"end":{"line":150,"column":29}}]},"17":{"line":148,"type":"cond-expr","locations":[{"start":{"line":148,"column":12},"end":{"line":150,"column":29}},{"start":{"line":151,"column":12},"end":{"line":151,"column":32}}]},"18":{"line":148,"type":"cond-expr","locations":[{"start":{"line":148,"column":12},"end":{"line":151,"column":32}},{"start":{"line":152,"column":12},"end":{"line":152,"column":30}}]},"19":{"line":148,"type":"cond-expr","locations":[{"start":{"line":148,"column":12},"end":{"line":152,"column":30}},{"start":{"line":153,"column":12},"end":{"line":153,"column":33}}]},"20":{"line":148,"type":"cond-expr","locations":[{"start":{"line":148,"column":12},"end":{"line":153,"column":33}},{"start":{"line":154,"column":12},"end":{"line":154,"column":17}}]},"21":{"line":148,"type":"cond-expr","locations":[{"start":{"line":148,"column":12},"end":{"line":154,"column":17}},{"start":{"line":155,"column":12},"end":{"line":155,"column":17}}]},"22":{"line":169,"type":"if","locations":[{"start":{"line":169,"column":8},"end":{"line":169,"column":8}},{"start":{"line":169,"column":8},"end":{"line":169,"column":8}}]},"23":{"line":183,"type":"if","locations":[{"start":{"line":183,"column":12},"end":{"line":183,"column":12}},{"start":{"line":183,"column":12},"end":{"line":183,"column":12}}]},"24":{"line":184,"type":"if","locations":[{"start":{"line":184,"column":12},"end":{"line":184,"column":12}},{"start":{"line":184,"column":12},"end":{"line":184,"column":12}}]},"25":{"line":185,"type":"if","locations":[{"start":{"line":185,"column":12},"end":{"line":185,"column":12}},{"start":{"line":185,"column":12},"end":{"line":185,"column":12}}]},"26":{"line":186,"type":"if","locations":[{"start":{"line":186,"column":12},"end":{"line":186,"column":12}},{"start":{"line":186,"column":12},"end":{"line":186,"column":12}}]},"27":{"line":194,"type":"if","locations":[{"start":{"line":194,"column":12},"end":{"line":194,"column":12}},{"start":{"line":194,"column":12},"end":{"line":194,"column":12}}]},"28":{"line":211,"type":"if","locations":[{"start":{"line":211,"column":8},"end":{"line":211,"column":8}},{"start":{"line":211,"column":8},"end":{"line":211,"column":8}}]},"29":{"line":216,"type":"if","locations":[{"start":{"line":216,"column":8},"end":{"line":216,"column":8}},{"start":{"line":216,"column":8},"end":{"line":216,"column":8}}]},"30":{"line":223,"type":"if","locations":[{"start":{"line":223,"column":8},"end":{"line":223,"column":8}},{"start":{"line":223,"column":8},"end":{"line":223,"column":8}}]},"31":{"line":233,"type":"if","locations":[{"start":{"line":233,"column":70},"end":{"line":233,"column":70}},{"start":{"line":233,"column":70},"end":{"line":233,"column":70}}]},"32":{"line":234,"type":"if","locations":[{"start":{"line":234,"column":8},"end":{"line":234,"column":8}},{"start":{"line":234,"column":8},"end":{"line":234,"column":8}}]},"33":{"line":240,"type":"if","locations":[{"start":{"line":240,"column":78},"end":{"line":240,"column":78}},{"start":{"line":240,"column":78},"end":{"line":240,"column":78}}]},"34":{"line":241,"type":"if","locations":[{"start":{"line":241,"column":8},"end":{"line":241,"column":8}},{"start":{"line":241,"column":8},"end":{"line":241,"column":8}}]},"35":{"line":247,"type":"if","locations":[{"start":{"line":247,"column":64},"end":{"line":247,"column":64}},{"start":{"line":247,"column":64},"end":{"line":247,"column":64}}]},"36":{"line":248,"type":"if","locations":[{"start":{"line":248,"column":8},"end":{"line":248,"column":8}},{"start":{"line":248,"column":8},"end":{"line":248,"column":8}}]},"37":{"line":271,"type":"if","locations":[{"start":{"line":271,"column":8},"end":{"line":271,"column":8}},{"start":{"line":271,"column":8},"end":{"line":271,"column":8}}]}}},"contracts/TieredGameInventory1155.sol":{"l":{"70":73,"71":0,"74":73,"75":73,"76":73,"77":73,"78":73,"79":73,"80":73,"82":73,"83":73,"85":73,"92":0,"94":0,"95":0,"96":0,"97":0,"98":0,"100":0,"101":0,"103":0,"104":0,"105":0,"106":0,"107":0,"110":0,"119":0,"120":0,"127":0,"128":0,"130":0,"131":0,"132":0,"133":0,"134":0,"135":0,"136":0,"139":0,"140":0,"142":0,"143":0,"144":0,"146":0,"147":0,"148":0,"150":0,"151":0,"152":0,"153":0,"154":0,"155":0,"156":0,"159":0,"168":0,"171":0,"175":0,"176":0,"178":0,"179":0,"182":0,"184":0,"185":0,"186":0,"189":0,"190":0,"191":0,"192":0,"194":0,"198":0,"199":0,"203":0,"204":0,"205":0,"209":0,"210":0,"212":0,"213":0,"214":0,"215":0,"217":0,"218":0,"219":0,"222":0,"223":0,"225":0,"226":0,"227":0,"230":0,"235":0,"236":0,"240":73,"241":73,"242":73,"246":0,"247":0,"249":0,"250":0,"251":0,"252":0,"253":0,"254":0,"255":0,"256":0,"259":0,"263":0,"264":0,"266":0,"267":0,"268":0,"269":0,"270":0,"271":0,"274":0,"278":0,"279":0,"281":0,"282":0,"283":0,"284":0,"285":0,"286":0,"289":0,"293":0,"294":0,"295":0,"299":0,"300":0,"301":0,"302":0,"306":0,"307":0,"308":0,"312":0,"313":0,"314":0,"315":0,"319":0,"320":0,"321":0,"322":0,"323":0,"324":0,"326":0,"327":0,"328":0,"329":0,"330":0,"331":0,"336":84,"337":84,"338":84,"340":84,"341":84,"342":0,"346":84,"347":84,"349":84,"350":84,"352":84,"353":84,"354":0,"356":84,"357":84,"358":95,"359":84,"360":84,"363":84,"365":84,"367":84,"368":0,"370":84,"371":84,"372":0,"375":84,"378":84,"379":84,"380":84,"383":84,"384":84,"385":84,"386":84,"387":84,"389":84,"390":84,"391":84,"401":0,"402":0,"403":0,"404":0,"405":0,"407":0,"408":0,"409":0,"410":0,"411":0,"412":0,"413":0,"419":0,"421":0,"422":0,"423":0,"424":0,"426":0,"427":0,"428":0,"430":0,"431":0,"432":0,"433":0,"435":0,"436":0,"437":0,"439":0,"440":0,"446":0,"447":0,"448":0,"451":0,"452":0,"454":0,"455":0,"456":0,"457":0,"458":0,"459":0,"463":0,"464":0,"465":0,"466":0,"473":0,"474":0,"475":0,"480":0,"481":0,"482":0,"483":0,"489":0,"493":0,"494":0,"496":0,"497":0,"498":0,"500":0,"511":73,"512":73,"513":73,"514":73,"515":0,"517":73,"518":73,"519":73,"520":73,"522":73,"523":146,"524":146,"525":146,"526":146,"527":146,"528":146,"531":73,"543":84,"544":84,"546":84,"548":84,"549":84,"550":84,"552":0,"556":0,"557":0,"559":0,"560":0,"561":0,"563":0,"567":0,"571":0,"572":0,"573":0,"574":0,"579":47,"580":2,"584":0,"585":0,"587":0,"588":0,"589":0,"591":0,"595":0,"599":103,"600":103,"601":103},"path":"/Users/amgi/Desktop/mph-router/contracts/TieredGameInventory1155.sol","s":{"1":73,"2":73,"3":73,"4":73,"5":0,"6":0,"7":0,"8":0,"9":0,"10":0,"11":0,"12":0,"13":0,"14":0,"15":0,"16":0,"17":0,"18":0,"19":0,"20":0,"21":0,"22":0,"23":0,"24":0,"25":0,"26":0,"27":0,"28":0,"29":0,"30":0,"31":0,"32":0,"33":0,"34":0,"35":0,"36":0,"37":0,"38":0,"39":0,"40":0,"41":0,"42":0,"43":0,"44":0,"45":0,"46":0,"47":0,"48":0,"49":0,"50":0,"51":0,"52":73,"53":73,"54":0,"55":0,"56":0,"57":0,"58":0,"59":0,"60":0,"61":0,"62":0,"63":0,"64":0,"65":0,"66":0,"67":0,"68":0,"69":0,"70":0,"71":0,"72":0,"73":0,"74":0,"75":0,"76":0,"77":0,"78":0,"79":0,"80":0,"81":0,"82":0,"83":0,"84":0,"85":0,"86":0,"87":0,"88":0,"89":0,"90":0,"91":0,"92":0,"93":0,"94":0,"95":0,"96":0,"97":84,"98":84,"99":84,"100":84,"101":84,"102":0,"103":84,"104":84,"105":84,"106":84,"107":84,"108":84,"109":84,"110":84,"111":95,"112":84,"113":84,"114":84,"115":84,"116":84,"117":84,"118":84,"119":84,"120":84,"121":84,"122":84,"123":84,"124":84,"125":0,"126":0,"127":0,"128":0,"129":0,"130":0,"131":0,"132":0,"133":0,"134":0,"135":0,"136":0,"137":0,"138":0,"139":0,"140":0,"141":0,"142":0,"143":0,"144":0,"145":0,"146":0,"147":0,"148":0,"149":0,"150":0,"151":0,"152":0,"153":0,"154":0,"155":0,"156":0,"157":0,"158":0,"159":0,"160":0,"161":0,"162":0,"163":0,"164":0,"165":0,"166":0,"167":0,"168":0,"169":0,"170":0,"171":0,"172":0,"173":0,"174":0,"175":0,"176":0,"177":0,"178":0,"179":73,"180":73,"181":73,"182":73,"183":73,"184":73,"185":73,"186":73,"187":73,"188":84,"189":84,"190":84,"191":0,"192":84,"193":84,"194":84,"195":0,"196":0,"197":0,"198":0,"199":0,"200":0,"201":0,"202":0,"203":0,"204":0,"205":47,"206":45,"207":2,"208":0,"209":0,"210":0,"211":0,"212":0,"213":0,"214":0,"215":103,"216":103,"217":103},"b":{"1":[0,73],"2":[0,0],"3":[0,0],"4":[0,0],"5":[0,0],"6":[0,0],"7":[0,0],"8":[0,0],"9":[0,0],"10":[0,0],"11":[0,0],"12":[0,0],"13":[0,0],"14":[0,0],"15":[0,0],"16":[0,0],"17":[0,0],"18":[0,0],"19":[0,0],"20":[0,0],"21":[0,0],"22":[0,0],"23":[0,0],"24":[0,0],"25":[0,0],"26":[0,0],"27":[0,0],"28":[73,0],"29":[0,73],"30":[0,0],"31":[0,0],"32":[0,0],"33":[0,0],"34":[0,0],"35":[0,0],"36":[0,0],"37":[0,0],"38":[0,0],"39":[0,0],"40":[0,0],"41":[0,0],"42":[0,0],"43":[0,0],"44":[0,0],"45":[0,0],"46":[0,0],"47":[0,0],"48":[0,0],"49":[0,0],"50":[0,0],"51":[0,0],"52":[0,0],"53":[0,0],"54":[0,84],"55":[0,84],"56":[0,84],"57":[0,0],"58":[0,84],"59":[0,84],"60":[84,11],"61":[0,84],"62":[0,84],"63":[84,0],"64":[0,84],"65":[84,0],"66":[84,0],"67":[84,0],"68":[0,0],"69":[0,0],"70":[0,0],"71":[0,0],"72":[0,0],"73":[0,0],"74":[0,0],"75":[0,0],"76":[0,0],"77":[0,0],"78":[0,0],"79":[0,0],"80":[0,0],"81":[0,0],"82":[0,0],"83":[0,0],"84":[0,0],"85":[0,0],"86":[0,0],"87":[0,0],"88":[0,0],"89":[0,0],"90":[0,73],"91":[0,73],"92":[0,0],"93":[0,84],"94":[0,84],"95":[84,0],"96":[0,0],"97":[0,0],"98":[45,2],"99":[0,0],"100":[0,0],"101":[0,0],"102":[103,0]},"f":{"1":73,"2":0,"3":0,"4":0,"5":0,"6":0,"7":0,"8":0,"9":73,"10":0,"11":0,"12":0,"13":0,"14":0,"15":0,"16":0,"17":0,"18":84,"19":0,"20":0,"21":0,"22":0,"23":0,"24":0,"25":0,"26":0,"27":0,"28":0,"29":0,"30":73,"31":84,"32":0,"33":0,"34":0,"35":47,"36":0,"37":0,"38":103},"fnMap":{"1":{"name":"constructor","line":69,"loc":{"start":{"line":65,"column":4},"end":{"line":86,"column":4}}},"2":{"name":"addNewTier","line":91,"loc":{"start":{"line":88,"column":4},"end":{"line":121,"column":4}}},"3":{"name":"addNewTiers","line":126,"loc":{"start":{"line":123,"column":4},"end":{"line":172,"column":4}}},"4":{"name":"updateTier","line":174,"loc":{"start":{"line":174,"column":4},"end":{"line":195,"column":4}}},"5":{"name":"setSaleState","line":197,"loc":{"start":{"line":197,"column":4},"end":{"line":200,"column":4}}},"6":{"name":"setTierURI","line":202,"loc":{"start":{"line":202,"column":4},"end":{"line":206,"column":4}}},"7":{"name":"setInitialSupplies","line":208,"loc":{"start":{"line":208,"column":4},"end":{"line":232,"column":4}}},"8":{"name":"setVerifier","line":234,"loc":{"start":{"line":234,"column":4},"end":{"line":237,"column":4}}},"9":{"name":"setMPHAssetTracking","line":239,"loc":{"start":{"line":239,"column":4},"end":{"line":243,"column":4}}},"10":{"name":"setMaxSupplyForTokenId","line":245,"loc":{"start":{"line":245,"column":4},"end":{"line":260,"column":4}}},"11":{"name":"setPriceForTokenId","line":262,"loc":{"start":{"line":262,"column":4},"end":{"line":275,"column":4}}},"12":{"name":"setMaxAmountPerUserForTokenId","line":277,"loc":{"start":{"line":277,"column":4},"end":{"line":290,"column":4}}},"13":{"name":"setPool","line":292,"loc":{"start":{"line":292,"column":4},"end":{"line":296,"column":4}}},"14":{"name":"setRoyaltyReceiver","line":298,"loc":{"start":{"line":298,"column":4},"end":{"line":303,"column":4}}},"15":{"name":"setRoyalty","line":305,"loc":{"start":{"line":305,"column":4},"end":{"line":309,"column":4}}},"16":{"name":"setTokenURI","line":311,"loc":{"start":{"line":311,"column":4},"end":{"line":316,"column":4}}},"17":{"name":"withdraw","line":318,"loc":{"start":{"line":318,"column":4},"end":{"line":333,"column":4}}},"18":{"name":"buyNFT","line":335,"loc":{"start":{"line":335,"column":4},"end":{"line":394,"column":4}}},"19":{"name":"buyMultiple","line":396,"loc":{"start":{"line":396,"column":4},"end":{"line":470,"column":4}}},"20":{"name":"burn","line":472,"loc":{"start":{"line":472,"column":4},"end":{"line":477,"column":4}}},"21":{"name":"burnBatch","line":479,"loc":{"start":{"line":479,"column":4},"end":{"line":486,"column":4}}},"22":{"name":"royaltyInfo","line":488,"loc":{"start":{"line":488,"column":4},"end":{"line":490,"column":4}}},"23":{"name":"getMaxSupply","line":492,"loc":{"start":{"line":492,"column":4},"end":{"line":501,"column":4}}},"24":{"name":"getPayee","line":503,"loc":{"start":{"line":503,"column":4},"end":{"line":503,"column":78}}},"25":{"name":"getRoyaltyReceiver","line":504,"loc":{"start":{"line":504,"column":4},"end":{"line":504,"column":99}}},"26":{"name":"getRoyaltyPercentage","line":505,"loc":{"start":{"line":505,"column":4},"end":{"line":505,"column":93}}},"27":{"name":"getTierURI","line":506,"loc":{"start":{"line":506,"column":4},"end":{"line":506,"column":122}}},"28":{"name":"getTierTokenIds","line":507,"loc":{"start":{"line":507,"column":4},"end":{"line":507,"column":131}}},"29":{"name":"getTokenTierName","line":508,"loc":{"start":{"line":508,"column":4},"end":{"line":508,"column":123}}},"30":{"name":"_initializeTokens","line":510,"loc":{"start":{"line":510,"column":4},"end":{"line":540,"column":4}}},"31":{"name":"uri","line":542,"loc":{"start":{"line":542,"column":4},"end":{"line":553,"column":4}}},"32":{"name":"getMaxAmountPerUserForTokenId","line":555,"loc":{"start":{"line":555,"column":4},"end":{"line":564,"column":4}}},"33":{"name":"getTokenInfo","line":566,"loc":{"start":{"line":566,"column":4},"end":{"line":568,"column":4}}},"34":{"name":"getMultipleTokenInfo","line":570,"loc":{"start":{"line":570,"column":4},"end":{"line":576,"column":4}}},"35":{"name":"isApprovedForAll","line":578,"loc":{"start":{"line":578,"column":4},"end":{"line":581,"column":4}}},"36":{"name":"totalSupply","line":583,"loc":{"start":{"line":583,"column":4},"end":{"line":592,"column":4}}},"37":{"name":"supportsInterface","line":594,"loc":{"start":{"line":594,"column":4},"end":{"line":596,"column":4}}},"38":{"name":"_update","line":598,"loc":{"start":{"line":598,"column":4},"end":{"line":603,"column":4}}}},"statementMap":{"1":{"start":{"line":70,"column":8},"end":{"line":70,"column":2267}},"2":{"start":{"line":82,"column":8},"end":{"line":82,"column":54}},"3":{"start":{"line":83,"column":8},"end":{"line":83,"column":54}},"4":{"start":{"line":85,"column":8},"end":{"line":85,"column":41}},"5":{"start":{"line":92,"column":8},"end":{"line":92,"column":57}},"6":{"start":{"line":94,"column":8},"end":{"line":94,"column":80}},"7":{"start":{"line":95,"column":8},"end":{"line":95,"column":3268}},"8":{"start":{"line":97,"column":8},"end":{"line":97,"column":3491}},"9":{"start":{"line":101,"column":8},"end":{"line":101,"column":70}},"10":{"start":{"line":103,"column":8},"end":{"line":103,"column":3682}},"11":{"start":{"line":119,"column":8},"end":{"line":119,"column":45}},"12":{"start":{"line":120,"column":8},"end":{"line":120,"column":23}},"13":{"start":{"line":127,"column":8},"end":{"line":127,"column":98}},"14":{"start":{"line":128,"column":8},"end":{"line":128,"column":81}},"15":{"start":{"line":130,"column":8},"end":{"line":130,"column":33}},"16":{"start":{"line":131,"column":8},"end":{"line":131,"column":4699}},"17":{"start":{"line":132,"column":12},"end":{"line":132,"column":65}},"18":{"start":{"line":133,"column":12},"end":{"line":133,"column":84}},"19":{"start":{"line":134,"column":12},"end":{"line":134,"column":4973}},"20":{"start":{"line":140,"column":8},"end":{"line":140,"column":32}},"21":{"start":{"line":142,"column":8},"end":{"line":142,"column":5243}},"22":{"start":{"line":143,"column":12},"end":{"line":143,"column":5414}},"23":{"start":{"line":146,"column":12},"end":{"line":146,"column":65}},"24":{"start":{"line":147,"column":12},"end":{"line":147,"column":71}},"25":{"start":{"line":148,"column":12},"end":{"line":148,"column":74}},"26":{"start":{"line":150,"column":12},"end":{"line":150,"column":5713}},"27":{"start":{"line":168,"column":12},"end":{"line":168,"column":53}},"28":{"start":{"line":171,"column":8},"end":{"line":171,"column":26}},"29":{"start":{"line":175,"column":8},"end":{"line":175,"column":55}},"30":{"start":{"line":176,"column":8},"end":{"line":176,"column":99}},"31":{"start":{"line":178,"column":8},"end":{"line":178,"column":56}},"32":{"start":{"line":179,"column":8},"end":{"line":179,"column":6929}},"33":{"start":{"line":184,"column":8},"end":{"line":184,"column":7133}},"34":{"start":{"line":185,"column":12},"end":{"line":185,"column":7316}},"35":{"start":{"line":194,"column":8},"end":{"line":194,"column":54}},"36":{"start":{"line":199,"column":8},"end":{"line":199,"column":36}},"37":{"start":{"line":203,"column":8},"end":{"line":203,"column":107}},"38":{"start":{"line":205,"column":8},"end":{"line":205,"column":46}},"39":{"start":{"line":209,"column":8},"end":{"line":209,"column":101}},"40":{"start":{"line":210,"column":8},"end":{"line":210,"column":81}},"41":{"start":{"line":212,"column":8},"end":{"line":212,"column":8515}},"42":{"start":{"line":213,"column":12},"end":{"line":213,"column":46}},"43":{"start":{"line":214,"column":12},"end":{"line":214,"column":45}},"44":{"start":{"line":215,"column":12},"end":{"line":215,"column":59}},"45":{"start":{"line":217,"column":12},"end":{"line":217,"column":42}},"46":{"start":{"line":218,"column":12},"end":{"line":218,"column":8789}},"47":{"start":{"line":222,"column":12},"end":{"line":222,"column":9056}},"48":{"start":{"line":225,"column":12},"end":{"line":225,"column":74}},"49":{"start":{"line":226,"column":12},"end":{"line":226,"column":9207}},"50":{"start":{"line":230,"column":12},"end":{"line":230,"column":56}},"51":{"start":{"line":236,"column":8},"end":{"line":236,"column":46}},"52":{"start":{"line":240,"column":8},"end":{"line":240,"column":65}},"53":{"start":{"line":242,"column":8},"end":{"line":242,"column":55}},"54":{"start":{"line":246,"column":8},"end":{"line":246,"column":60}},"55":{"start":{"line":247,"column":8},"end":{"line":247,"column":113}},"56":{"start":{"line":249,"column":8},"end":{"line":249,"column":55}},"57":{"start":{"line":250,"column":8},"end":{"line":250,"column":10288}},"58":{"start":{"line":251,"column":12},"end":{"line":251,"column":10362}},"59":{"start":{"line":252,"column":16},"end":{"line":252,"column":10531}},"60":{"start":{"line":255,"column":16},"end":{"line":255,"column":64}},"61":{"start":{"line":256,"column":16},"end":{"line":256,"column":22}},"62":{"start":{"line":263,"column":8},"end":{"line":263,"column":60}},"63":{"start":{"line":264,"column":8},"end":{"line":264,"column":113}},"64":{"start":{"line":266,"column":8},"end":{"line":266,"column":55}},"65":{"start":{"line":267,"column":8},"end":{"line":267,"column":11183}},"66":{"start":{"line":268,"column":12},"end":{"line":268,"column":11257}},"67":{"start":{"line":270,"column":16},"end":{"line":270,"column":54}},"68":{"start":{"line":271,"column":16},"end":{"line":271,"column":22}},"69":{"start":{"line":278,"column":8},"end":{"line":278,"column":60}},"70":{"start":{"line":279,"column":8},"end":{"line":279,"column":113}},"71":{"start":{"line":281,"column":8},"end":{"line":281,"column":55}},"72":{"start":{"line":282,"column":8},"end":{"line":282,"column":11882}},"73":{"start":{"line":283,"column":12},"end":{"line":283,"column":11956}},"74":{"start":{"line":285,"column":16},"end":{"line":285,"column":75}},"75":{"start":{"line":286,"column":16},"end":{"line":286,"column":22}},"76":{"start":{"line":293,"column":8},"end":{"line":293,"column":53}},"77":{"start":{"line":295,"column":8},"end":{"line":295,"column":31}},"78":{"start":{"line":299,"column":8},"end":{"line":299,"column":64}},"79":{"start":{"line":300,"column":8},"end":{"line":300,"column":45}},"80":{"start":{"line":302,"column":8},"end":{"line":302,"column":66}},"81":{"start":{"line":306,"column":8},"end":{"line":306,"column":53}},"82":{"start":{"line":308,"column":8},"end":{"line":308,"column":33}},"83":{"start":{"line":312,"column":8},"end":{"line":312,"column":13181}},"84":{"start":{"line":315,"column":8},"end":{"line":315,"column":35}},"85":{"start":{"line":319,"column":8},"end":{"line":319,"column":13416}},"86":{"start":{"line":320,"column":12},"end":{"line":320,"column":51}},"87":{"start":{"line":321,"column":12},"end":{"line":321,"column":76}},"88":{"start":{"line":322,"column":12},"end":{"line":322,"column":60}},"89":{"start":{"line":323,"column":12},"end":{"line":323,"column":72}},"90":{"start":{"line":324,"column":12},"end":{"line":324,"column":59}},"91":{"start":{"line":326,"column":12},"end":{"line":326,"column":47}},"92":{"start":{"line":327,"column":12},"end":{"line":327,"column":60}},"93":{"start":{"line":328,"column":12},"end":{"line":328,"column":76}},"94":{"start":{"line":329,"column":12},"end":{"line":329,"column":56}},"95":{"start":{"line":330,"column":12},"end":{"line":330,"column":72}},"96":{"start":{"line":331,"column":12},"end":{"line":331,"column":61}},"97":{"start":{"line":336,"column":8},"end":{"line":336,"column":71}},"98":{"start":{"line":337,"column":8},"end":{"line":337,"column":100}},"99":{"start":{"line":338,"column":8},"end":{"line":338,"column":84}},"100":{"start":{"line":340,"column":8},"end":{"line":340,"column":14583}},"101":{"start":{"line":341,"column":12},"end":{"line":341,"column":14647}},"102":{"start":{"line":342,"column":16},"end":{"line":342,"column":105}},"103":{"start":{"line":346,"column":8},"end":{"line":346,"column":55}},"104":{"start":{"line":347,"column":8},"end":{"line":347,"column":99}},"105":{"start":{"line":349,"column":8},"end":{"line":349,"column":30}},"106":{"start":{"line":350,"column":8},"end":{"line":350,"column":70}},"107":{"start":{"line":352,"column":8},"end":{"line":352,"column":15107}},"108":{"start":{"line":353,"column":12},"end":{"line":353,"column":15219}},"109":{"start":{"line":356,"column":12},"end":{"line":356,"column":50}},"110":{"start":{"line":357,"column":12},"end":{"line":357,"column":15395}},"111":{"start":{"line":358,"column":16},"end":{"line":358,"column":15473}},"112":{"start":{"line":363,"column":12},"end":{"line":363,"column":93}},"113":{"start":{"line":367,"column":12},"end":{"line":367,"column":15829}},"114":{"start":{"line":370,"column":12},"end":{"line":370,"column":15948}},"115":{"start":{"line":371,"column":16},"end":{"line":371,"column":16105}},"116":{"start":{"line":378,"column":8},"end":{"line":378,"column":16326}},"117":{"start":{"line":379,"column":12},"end":{"line":379,"column":81}},"118":{"start":{"line":380,"column":12},"end":{"line":380,"column":53}},"119":{"start":{"line":383,"column":8},"end":{"line":383,"column":16529}},"120":{"start":{"line":384,"column":12},"end":{"line":384,"column":16593}},"121":{"start":{"line":385,"column":16},"end":{"line":385,"column":52}},"122":{"start":{"line":389,"column":16},"end":{"line":389,"column":61}},"123":{"start":{"line":390,"column":16},"end":{"line":390,"column":92}},"124":{"start":{"line":391,"column":16},"end":{"line":391,"column":80}},"125":{"start":{"line":401,"column":8},"end":{"line":401,"column":71}},"126":{"start":{"line":402,"column":8},"end":{"line":402,"column":17382}},"127":{"start":{"line":404,"column":8},"end":{"line":404,"column":64}},"128":{"start":{"line":405,"column":8},"end":{"line":405,"column":85}},"129":{"start":{"line":407,"column":8},"end":{"line":407,"column":17632}},"130":{"start":{"line":408,"column":12},"end":{"line":408,"column":17697}},"131":{"start":{"line":409,"column":16},"end":{"line":409,"column":17768}},"132":{"start":{"line":410,"column":20},"end":{"line":410,"column":57}},"133":{"start":{"line":411,"column":20},"end":{"line":411,"column":17900}},"134":{"start":{"line":412,"column":24},"end":{"line":412,"column":18048}},"135":{"start":{"line":419,"column":8},"end":{"line":419,"column":29}},"136":{"start":{"line":421,"column":8},"end":{"line":421,"column":18217}},"137":{"start":{"line":422,"column":12},"end":{"line":422,"column":63}},"138":{"start":{"line":423,"column":12},"end":{"line":423,"column":107}},"139":{"start":{"line":424,"column":12},"end":{"line":424,"column":110}},"140":{"start":{"line":426,"column":12},"end":{"line":426,"column":18569}},"141":{"start":{"line":427,"column":16},"end":{"line":427,"column":18688}},"142":{"start":{"line":430,"column":16},"end":{"line":430,"column":18831}},"143":{"start":{"line":431,"column":20},"end":{"line":431,"column":18913}},"144":{"start":{"line":432,"column":24},"end":{"line":432,"column":19050}},"145":{"start":{"line":435,"column":24},"end":{"line":435,"column":19202}},"146":{"start":{"line":436,"column":28},"end":{"line":436,"column":19362}},"147":{"start":{"line":446,"column":8},"end":{"line":446,"column":19681}},"148":{"start":{"line":447,"column":12},"end":{"line":447,"column":80}},"149":{"start":{"line":448,"column":12},"end":{"line":448,"column":53}},"150":{"start":{"line":451,"column":8},"end":{"line":451,"column":19883}},"151":{"start":{"line":452,"column":12},"end":{"line":452,"column":63}},"152":{"start":{"line":454,"column":12},"end":{"line":454,"column":20026}},"153":{"start":{"line":455,"column":16},"end":{"line":455,"column":20097}},"154":{"start":{"line":456,"column":20},"end":{"line":456,"column":20146}},"155":{"start":{"line":457,"column":24},"end":{"line":457,"column":20232}},"156":{"start":{"line":464,"column":20},"end":{"line":464,"column":71}},"157":{"start":{"line":465,"column":20},"end":{"line":465,"column":105}},"158":{"start":{"line":466,"column":20},"end":{"line":466,"column":91}},"159":{"start":{"line":473,"column":8},"end":{"line":473,"column":41}},"160":{"start":{"line":474,"column":8},"end":{"line":474,"column":20961}},"161":{"start":{"line":475,"column":12},"end":{"line":475,"column":76}},"162":{"start":{"line":480,"column":8},"end":{"line":480,"column":48}},"163":{"start":{"line":481,"column":8},"end":{"line":481,"column":21247}},"164":{"start":{"line":482,"column":12},"end":{"line":482,"column":21307}},"165":{"start":{"line":483,"column":16},"end":{"line":483,"column":92}},"166":{"start":{"line":489,"column":8},"end":{"line":489,"column":63}},"167":{"start":{"line":493,"column":8},"end":{"line":493,"column":60}},"168":{"start":{"line":494,"column":8},"end":{"line":494,"column":113}},"169":{"start":{"line":496,"column":8},"end":{"line":496,"column":55}},"170":{"start":{"line":497,"column":8},"end":{"line":497,"column":22005}},"171":{"start":{"line":498,"column":12},"end":{"line":498,"column":81}},"172":{"start":{"line":498,"column":50},"end":{"line":498,"column":81}},"173":{"start":{"line":503,"column":65},"end":{"line":503,"column":76}},"174":{"start":{"line":504,"column":75},"end":{"line":504,"column":97}},"175":{"start":{"line":505,"column":77},"end":{"line":505,"column":91}},"176":{"start":{"line":506,"column":88},"end":{"line":506,"column":120}},"177":{"start":{"line":507,"column":96},"end":{"line":507,"column":129}},"178":{"start":{"line":508,"column":87},"end":{"line":508,"column":121}},"179":{"start":{"line":511,"column":8},"end":{"line":511,"column":22967}},"180":{"start":{"line":512,"column":12},"end":{"line":512,"column":76}},"181":{"start":{"line":513,"column":12},"end":{"line":513,"column":84}},"182":{"start":{"line":514,"column":12},"end":{"line":514,"column":23259}},"183":{"start":{"line":517,"column":12},"end":{"line":517,"column":71}},"184":{"start":{"line":518,"column":12},"end":{"line":518,"column":74}},"185":{"start":{"line":519,"column":12},"end":{"line":519,"column":70}},"186":{"start":{"line":520,"column":12},"end":{"line":520,"column":76}},"187":{"start":{"line":522,"column":12},"end":{"line":522,"column":23715}},"188":{"start":{"line":543,"column":8},"end":{"line":543,"column":60}},"189":{"start":{"line":544,"column":8},"end":{"line":544,"column":113}},"190":{"start":{"line":546,"column":8},"end":{"line":546,"column":77}},"191":{"start":{"line":546,"column":51},"end":{"line":546,"column":77}},"192":{"start":{"line":548,"column":8},"end":{"line":548,"column":55}},"193":{"start":{"line":549,"column":8},"end":{"line":549,"column":25050}},"194":{"start":{"line":550,"column":12},"end":{"line":550,"column":89}},"195":{"start":{"line":552,"column":8},"end":{"line":552,"column":33}},"196":{"start":{"line":556,"column":8},"end":{"line":556,"column":60}},"197":{"start":{"line":557,"column":8},"end":{"line":557,"column":113}},"198":{"start":{"line":559,"column":8},"end":{"line":559,"column":55}},"199":{"start":{"line":560,"column":8},"end":{"line":560,"column":25489}},"200":{"start":{"line":561,"column":12},"end":{"line":561,"column":87}},"201":{"start":{"line":561,"column":50},"end":{"line":561,"column":87}},"202":{"start":{"line":567,"column":8},"end":{"line":567,"column":32}},"203":{"start":{"line":571,"column":8},"end":{"line":571,"column":41}},"204":{"start":{"line":573,"column":8},"end":{"line":573,"column":26069}},"205":{"start":{"line":579,"column":8},"end":{"line":579,"column":65}},"206":{"start":{"line":579,"column":54},"end":{"line":579,"column":65}},"207":{"start":{"line":580,"column":8},"end":{"line":580,"column":56}},"208":{"start":{"line":584,"column":8},"end":{"line":584,"column":60}},"209":{"start":{"line":585,"column":8},"end":{"line":585,"column":113}},"210":{"start":{"line":587,"column":8},"end":{"line":587,"column":55}},"211":{"start":{"line":588,"column":8},"end":{"line":588,"column":26728}},"212":{"start":{"line":589,"column":12},"end":{"line":589,"column":85}},"213":{"start":{"line":589,"column":50},"end":{"line":589,"column":85}},"214":{"start":{"line":595,"column":8},"end":{"line":595,"column":96}},"215":{"start":{"line":599,"column":8},"end":{"line":599,"column":43}},"216":{"start":{"line":600,"column":8},"end":{"line":600,"column":27339}},"217":{"start":{"line":601,"column":12},"end":{"line":601,"column":60}}},"branchMap":{"1":{"line":70,"type":"if","locations":[{"start":{"line":70,"column":8},"end":{"line":70,"column":8}},{"start":{"line":70,"column":8},"end":{"line":70,"column":8}}]},"2":{"line":91,"type":"if","locations":[{"start":{"line":91,"column":15},"end":{"line":91,"column":15}},{"start":{"line":91,"column":15},"end":{"line":91,"column":15}}]},"3":{"line":94,"type":"if","locations":[{"start":{"line":94,"column":8},"end":{"line":94,"column":8}},{"start":{"line":94,"column":8},"end":{"line":94,"column":8}}]},"4":{"line":95,"type":"if","locations":[{"start":{"line":95,"column":8},"end":{"line":95,"column":8}},{"start":{"line":95,"column":8},"end":{"line":95,"column":8}}]},"5":{"line":95,"type":"cond-expr","locations":[{"start":{"line":95,"column":12},"end":{"line":95,"column":48}},{"start":{"line":95,"column":53},"end":{"line":95,"column":100}}]},"6":{"line":97,"type":"if","locations":[{"start":{"line":97,"column":8},"end":{"line":97,"column":8}},{"start":{"line":97,"column":8},"end":{"line":97,"column":8}}]},"7":{"line":126,"type":"if","locations":[{"start":{"line":126,"column":15},"end":{"line":126,"column":15}},{"start":{"line":126,"column":15},"end":{"line":126,"column":15}}]},"8":{"line":127,"type":"if","locations":[{"start":{"line":127,"column":8},"end":{"line":127,"column":8}},{"start":{"line":127,"column":8},"end":{"line":127,"column":8}}]},"9":{"line":128,"type":"if","locations":[{"start":{"line":128,"column":8},"end":{"line":128,"column":8}},{"start":{"line":128,"column":8},"end":{"line":128,"column":8}}]},"10":{"line":133,"type":"if","locations":[{"start":{"line":133,"column":12},"end":{"line":133,"column":12}},{"start":{"line":133,"column":12},"end":{"line":133,"column":12}}]},"11":{"line":134,"type":"if","locations":[{"start":{"line":134,"column":12},"end":{"line":134,"column":12}},{"start":{"line":134,"column":12},"end":{"line":134,"column":12}}]},"12":{"line":134,"type":"cond-expr","locations":[{"start":{"line":134,"column":16},"end":{"line":134,"column":56}},{"start":{"line":134,"column":61},"end":{"line":134,"column":112}}]},"13":{"line":143,"type":"if","locations":[{"start":{"line":143,"column":12},"end":{"line":143,"column":12}},{"start":{"line":143,"column":12},"end":{"line":143,"column":12}}]},"14":{"line":174,"type":"if","locations":[{"start":{"line":174,"column":90},"end":{"line":174,"column":90}},{"start":{"line":174,"column":90},"end":{"line":174,"column":90}}]},"15":{"line":176,"type":"if","locations":[{"start":{"line":176,"column":8},"end":{"line":176,"column":8}},{"start":{"line":176,"column":8},"end":{"line":176,"column":8}}]},"16":{"line":179,"type":"if","locations":[{"start":{"line":179,"column":8},"end":{"line":179,"column":8}},{"start":{"line":179,"column":8},"end":{"line":179,"column":8}}]},"17":{"line":179,"type":"cond-expr","locations":[{"start":{"line":179,"column":12},"end":{"line":179,"column":57}},{"start":{"line":180,"column":12},"end":{"line":180,"column":52}}]},"18":{"line":179,"type":"cond-expr","locations":[{"start":{"line":179,"column":12},"end":{"line":180,"column":52}},{"start":{"line":181,"column":12},"end":{"line":181,"column":63}}]},"19":{"line":185,"type":"if","locations":[{"start":{"line":185,"column":12},"end":{"line":185,"column":12}},{"start":{"line":185,"column":12},"end":{"line":185,"column":12}}]},"20":{"line":197,"type":"if","locations":[{"start":{"line":197,"column":56},"end":{"line":197,"column":56}},{"start":{"line":197,"column":56},"end":{"line":197,"column":56}}]},"21":{"line":202,"type":"if","locations":[{"start":{"line":202,"column":80},"end":{"line":202,"column":80}},{"start":{"line":202,"column":80},"end":{"line":202,"column":80}}]},"22":{"line":203,"type":"if","locations":[{"start":{"line":203,"column":8},"end":{"line":203,"column":8}},{"start":{"line":203,"column":8},"end":{"line":203,"column":8}}]},"23":{"line":208,"type":"if","locations":[{"start":{"line":208,"column":103},"end":{"line":208,"column":103}},{"start":{"line":208,"column":103},"end":{"line":208,"column":103}}]},"24":{"line":209,"type":"if","locations":[{"start":{"line":209,"column":8},"end":{"line":209,"column":8}},{"start":{"line":209,"column":8},"end":{"line":209,"column":8}}]},"25":{"line":210,"type":"if","locations":[{"start":{"line":210,"column":8},"end":{"line":210,"column":8}},{"start":{"line":210,"column":8},"end":{"line":210,"column":8}}]},"26":{"line":222,"type":"if","locations":[{"start":{"line":222,"column":12},"end":{"line":222,"column":12}},{"start":{"line":222,"column":12},"end":{"line":222,"column":12}}]},"27":{"line":234,"type":"if","locations":[{"start":{"line":234,"column":67},"end":{"line":234,"column":67}},{"start":{"line":234,"column":67},"end":{"line":234,"column":67}}]},"28":{"line":239,"type":"if","locations":[{"start":{"line":239,"column":69},"end":{"line":239,"column":69}},{"start":{"line":239,"column":69},"end":{"line":239,"column":69}}]},"29":{"line":240,"type":"if","locations":[{"start":{"line":240,"column":8},"end":{"line":240,"column":8}},{"start":{"line":240,"column":8},"end":{"line":240,"column":8}}]},"30":{"line":245,"type":"if","locations":[{"start":{"line":245,"column":85},"end":{"line":245,"column":85}},{"start":{"line":245,"column":85},"end":{"line":245,"column":85}}]},"31":{"line":247,"type":"if","locations":[{"start":{"line":247,"column":8},"end":{"line":247,"column":8}},{"start":{"line":247,"column":8},"end":{"line":247,"column":8}}]},"32":{"line":251,"type":"if","locations":[{"start":{"line":251,"column":12},"end":{"line":251,"column":12}},{"start":{"line":251,"column":12},"end":{"line":251,"column":12}}]},"33":{"line":252,"type":"if","locations":[{"start":{"line":252,"column":16},"end":{"line":252,"column":16}},{"start":{"line":252,"column":16},"end":{"line":252,"column":16}}]},"34":{"line":262,"type":"if","locations":[{"start":{"line":262,"column":77},"end":{"line":262,"column":77}},{"start":{"line":262,"column":77},"end":{"line":262,"column":77}}]},"35":{"line":264,"type":"if","locations":[{"start":{"line":264,"column":8},"end":{"line":264,"column":8}},{"start":{"line":264,"column":8},"end":{"line":264,"column":8}}]},"36":{"line":268,"type":"if","locations":[{"start":{"line":268,"column":12},"end":{"line":268,"column":12}},{"start":{"line":268,"column":12},"end":{"line":268,"column":12}}]},"37":{"line":277,"type":"if","locations":[{"start":{"line":277,"column":96},"end":{"line":277,"column":96}},{"start":{"line":277,"column":96},"end":{"line":277,"column":96}}]},"38":{"line":279,"type":"if","locations":[{"start":{"line":279,"column":8},"end":{"line":279,"column":8}},{"start":{"line":279,"column":8},"end":{"line":279,"column":8}}]},"39":{"line":283,"type":"if","locations":[{"start":{"line":283,"column":12},"end":{"line":283,"column":12}},{"start":{"line":283,"column":12},"end":{"line":283,"column":12}}]},"40":{"line":292,"type":"if","locations":[{"start":{"line":292,"column":54},"end":{"line":292,"column":54}},{"start":{"line":292,"column":54},"end":{"line":292,"column":54}}]},"41":{"line":293,"type":"if","locations":[{"start":{"line":293,"column":8},"end":{"line":293,"column":8}},{"start":{"line":293,"column":8},"end":{"line":293,"column":8}}]},"42":{"line":298,"type":"if","locations":[{"start":{"line":298,"column":76},"end":{"line":298,"column":76}},{"start":{"line":298,"column":76},"end":{"line":298,"column":76}}]},"43":{"line":299,"type":"if","locations":[{"start":{"line":299,"column":8},"end":{"line":299,"column":8}},{"start":{"line":299,"column":8},"end":{"line":299,"column":8}}]},"44":{"line":305,"type":"if","locations":[{"start":{"line":305,"column":60},"end":{"line":305,"column":60}},{"start":{"line":305,"column":60},"end":{"line":305,"column":60}}]},"45":{"line":306,"type":"if","locations":[{"start":{"line":306,"column":8},"end":{"line":306,"column":8}},{"start":{"line":306,"column":8},"end":{"line":306,"column":8}}]},"46":{"line":311,"type":"if","locations":[{"start":{"line":311,"column":75},"end":{"line":311,"column":75}},{"start":{"line":311,"column":75},"end":{"line":311,"column":75}}]},"47":{"line":312,"type":"if","locations":[{"start":{"line":312,"column":8},"end":{"line":312,"column":8}},{"start":{"line":312,"column":8},"end":{"line":312,"column":8}}]},"48":{"line":318,"type":"if","locations":[{"start":{"line":318,"column":53},"end":{"line":318,"column":53}},{"start":{"line":318,"column":53},"end":{"line":318,"column":53}}]},"49":{"line":319,"type":"if","locations":[{"start":{"line":319,"column":8},"end":{"line":319,"column":8}},{"start":{"line":319,"column":8},"end":{"line":319,"column":8}}]},"50":{"line":321,"type":"if","locations":[{"start":{"line":321,"column":12},"end":{"line":321,"column":12}},{"start":{"line":321,"column":12},"end":{"line":321,"column":12}}]},"51":{"line":323,"type":"if","locations":[{"start":{"line":323,"column":12},"end":{"line":323,"column":12}},{"start":{"line":323,"column":12},"end":{"line":323,"column":12}}]},"52":{"line":328,"type":"if","locations":[{"start":{"line":328,"column":12},"end":{"line":328,"column":12}},{"start":{"line":328,"column":12},"end":{"line":328,"column":12}}]},"53":{"line":330,"type":"if","locations":[{"start":{"line":330,"column":12},"end":{"line":330,"column":12}},{"start":{"line":330,"column":12},"end":{"line":330,"column":12}}]},"54":{"line":336,"type":"if","locations":[{"start":{"line":336,"column":8},"end":{"line":336,"column":8}},{"start":{"line":336,"column":8},"end":{"line":336,"column":8}}]},"55":{"line":337,"type":"if","locations":[{"start":{"line":337,"column":8},"end":{"line":337,"column":8}},{"start":{"line":337,"column":8},"end":{"line":337,"column":8}}]},"56":{"line":338,"type":"if","locations":[{"start":{"line":338,"column":8},"end":{"line":338,"column":8}},{"start":{"line":338,"column":8},"end":{"line":338,"column":8}}]},"57":{"line":342,"type":"if","locations":[{"start":{"line":342,"column":16},"end":{"line":342,"column":16}},{"start":{"line":342,"column":16},"end":{"line":342,"column":16}}]},"58":{"line":347,"type":"if","locations":[{"start":{"line":347,"column":8},"end":{"line":347,"column":8}},{"start":{"line":347,"column":8},"end":{"line":347,"column":8}}]},"59":{"line":353,"type":"if","locations":[{"start":{"line":353,"column":12},"end":{"line":353,"column":12}},{"start":{"line":353,"column":12},"end":{"line":353,"column":12}}]},"60":{"line":358,"type":"if","locations":[{"start":{"line":358,"column":16},"end":{"line":358,"column":16}},{"start":{"line":358,"column":16},"end":{"line":358,"column":16}}]},"61":{"line":363,"type":"if","locations":[{"start":{"line":363,"column":12},"end":{"line":363,"column":12}},{"start":{"line":363,"column":12},"end":{"line":363,"column":12}}]},"62":{"line":367,"type":"if","locations":[{"start":{"line":367,"column":12},"end":{"line":367,"column":12}},{"start":{"line":367,"column":12},"end":{"line":367,"column":12}}]},"63":{"line":370,"type":"if","locations":[{"start":{"line":370,"column":12},"end":{"line":370,"column":12}},{"start":{"line":370,"column":12},"end":{"line":370,"column":12}}]},"64":{"line":371,"type":"if","locations":[{"start":{"line":371,"column":16},"end":{"line":371,"column":16}},{"start":{"line":371,"column":16},"end":{"line":371,"column":16}}]},"65":{"line":378,"type":"if","locations":[{"start":{"line":378,"column":8},"end":{"line":378,"column":8}},{"start":{"line":378,"column":8},"end":{"line":378,"column":8}}]},"66":{"line":380,"type":"if","locations":[{"start":{"line":380,"column":12},"end":{"line":380,"column":12}},{"start":{"line":380,"column":12},"end":{"line":380,"column":12}}]},"67":{"line":384,"type":"if","locations":[{"start":{"line":384,"column":12},"end":{"line":384,"column":12}},{"start":{"line":384,"column":12},"end":{"line":384,"column":12}}]},"68":{"line":401,"type":"if","locations":[{"start":{"line":401,"column":8},"end":{"line":401,"column":8}},{"start":{"line":401,"column":8},"end":{"line":401,"column":8}}]},"69":{"line":402,"type":"if","locations":[{"start":{"line":402,"column":8},"end":{"line":402,"column":8}},{"start":{"line":402,"column":8},"end":{"line":402,"column":8}}]},"70":{"line":402,"type":"cond-expr","locations":[{"start":{"line":402,"column":12},"end":{"line":402,"column":46}},{"start":{"line":402,"column":51},"end":{"line":402,"column":83}}]},"71":{"line":404,"type":"if","locations":[{"start":{"line":404,"column":8},"end":{"line":404,"column":8}},{"start":{"line":404,"column":8},"end":{"line":404,"column":8}}]},"72":{"line":405,"type":"if","locations":[{"start":{"line":405,"column":8},"end":{"line":405,"column":8}},{"start":{"line":405,"column":8},"end":{"line":405,"column":8}}]},"73":{"line":410,"type":"if","locations":[{"start":{"line":410,"column":48},"end":{"line":410,"column":52}},{"start":{"line":410,"column":56},"end":{"line":410,"column":56}}]},"74":{"line":412,"type":"if","locations":[{"start":{"line":412,"column":24},"end":{"line":412,"column":24}},{"start":{"line":412,"column":24},"end":{"line":412,"column":24}}]},"75":{"line":423,"type":"if","locations":[{"start":{"line":423,"column":12},"end":{"line":423,"column":12}},{"start":{"line":423,"column":12},"end":{"line":423,"column":12}}]},"76":{"line":424,"type":"if","locations":[{"start":{"line":424,"column":12},"end":{"line":424,"column":12}},{"start":{"line":424,"column":12},"end":{"line":424,"column":12}}]},"77":{"line":427,"type":"if","locations":[{"start":{"line":427,"column":16},"end":{"line":427,"column":16}},{"start":{"line":427,"column":16},"end":{"line":427,"column":16}}]},"78":{"line":431,"type":"if","locations":[{"start":{"line":431,"column":20},"end":{"line":431,"column":20}},{"start":{"line":431,"column":20},"end":{"line":431,"column":20}}]},"79":{"line":432,"type":"if","locations":[{"start":{"line":432,"column":24},"end":{"line":432,"column":24}},{"start":{"line":432,"column":24},"end":{"line":432,"column":24}}]},"80":{"line":435,"type":"if","locations":[{"start":{"line":435,"column":24},"end":{"line":435,"column":24}},{"start":{"line":435,"column":24},"end":{"line":435,"column":24}}]},"81":{"line":436,"type":"if","locations":[{"start":{"line":436,"column":28},"end":{"line":436,"column":28}},{"start":{"line":436,"column":28},"end":{"line":436,"column":28}}]},"82":{"line":446,"type":"if","locations":[{"start":{"line":446,"column":8},"end":{"line":446,"column":8}},{"start":{"line":446,"column":8},"end":{"line":446,"column":8}}]},"83":{"line":448,"type":"if","locations":[{"start":{"line":448,"column":12},"end":{"line":448,"column":12}},{"start":{"line":448,"column":12},"end":{"line":448,"column":12}}]},"84":{"line":455,"type":"if","locations":[{"start":{"line":455,"column":16},"end":{"line":455,"column":16}},{"start":{"line":455,"column":16},"end":{"line":455,"column":16}}]},"85":{"line":457,"type":"if","locations":[{"start":{"line":457,"column":24},"end":{"line":457,"column":24}},{"start":{"line":457,"column":24},"end":{"line":457,"column":24}}]},"86":{"line":474,"type":"if","locations":[{"start":{"line":474,"column":8},"end":{"line":474,"column":8}},{"start":{"line":474,"column":8},"end":{"line":474,"column":8}}]},"87":{"line":481,"type":"if","locations":[{"start":{"line":481,"column":8},"end":{"line":481,"column":8}},{"start":{"line":481,"column":8},"end":{"line":481,"column":8}}]},"88":{"line":494,"type":"if","locations":[{"start":{"line":494,"column":8},"end":{"line":494,"column":8}},{"start":{"line":494,"column":8},"end":{"line":494,"column":8}}]},"89":{"line":498,"type":"if","locations":[{"start":{"line":498,"column":12},"end":{"line":498,"column":12}},{"start":{"line":498,"column":12},"end":{"line":498,"column":12}}]},"90":{"line":513,"type":"if","locations":[{"start":{"line":513,"column":12},"end":{"line":513,"column":12}},{"start":{"line":513,"column":12},"end":{"line":513,"column":12}}]},"91":{"line":514,"type":"if","locations":[{"start":{"line":514,"column":12},"end":{"line":514,"column":12}},{"start":{"line":514,"column":12},"end":{"line":514,"column":12}}]},"92":{"line":514,"type":"cond-expr","locations":[{"start":{"line":514,"column":16},"end":{"line":514,"column":63}},{"start":{"line":514,"column":68},"end":{"line":514,"column":126}}]},"93":{"line":544,"type":"if","locations":[{"start":{"line":544,"column":8},"end":{"line":544,"column":8}},{"start":{"line":544,"column":8},"end":{"line":544,"column":8}}]},"94":{"line":546,"type":"if","locations":[{"start":{"line":546,"column":8},"end":{"line":546,"column":8}},{"start":{"line":546,"column":8},"end":{"line":546,"column":8}}]},"95":{"line":549,"type":"if","locations":[{"start":{"line":549,"column":8},"end":{"line":549,"column":8}},{"start":{"line":549,"column":8},"end":{"line":549,"column":8}}]},"96":{"line":557,"type":"if","locations":[{"start":{"line":557,"column":8},"end":{"line":557,"column":8}},{"start":{"line":557,"column":8},"end":{"line":557,"column":8}}]},"97":{"line":561,"type":"if","locations":[{"start":{"line":561,"column":12},"end":{"line":561,"column":12}},{"start":{"line":561,"column":12},"end":{"line":561,"column":12}}]},"98":{"line":579,"type":"if","locations":[{"start":{"line":579,"column":8},"end":{"line":579,"column":8}},{"start":{"line":579,"column":8},"end":{"line":579,"column":8}}]},"99":{"line":585,"type":"if","locations":[{"start":{"line":585,"column":8},"end":{"line":585,"column":8}},{"start":{"line":585,"column":8},"end":{"line":585,"column":8}}]},"100":{"line":589,"type":"if","locations":[{"start":{"line":589,"column":12},"end":{"line":589,"column":12}},{"start":{"line":589,"column":12},"end":{"line":589,"column":12}}]},"101":{"line":595,"type":"cond-expr","locations":[{"start":{"line":595,"column":15},"end":{"line":595,"column":55}},{"start":{"line":595,"column":60},"end":{"line":595,"column":95}}]},"102":{"line":600,"type":"if","locations":[{"start":{"line":600,"column":8},"end":{"line":600,"column":8}},{"start":{"line":600,"column":8},"end":{"line":600,"column":8}}]}}},"contracts/TieredGameInventoryStudioChain1155.sol":{"l":{"115":0,"116":0,"119":0,"124":0,"128":0,"131":0,"132":0,"133":0,"134":0,"137":0,"138":0,"140":0,"141":0,"144":0,"155":0,"157":0,"158":0,"161":0,"163":0,"166":0,"167":0,"170":0,"171":0,"173":0,"174":0,"175":0,"176":0,"177":0,"180":0,"189":0,"190":0,"201":0,"202":0,"205":0,"206":0,"210":0,"211":0,"212":0,"214":0,"215":0,"218":0,"220":0,"223":0,"226":0,"227":0,"229":0,"230":0,"231":0,"234":0,"235":0,"236":0,"239":0,"240":0,"241":0,"242":0,"243":0,"244":0,"245":0,"248":0,"257":0,"260":0,"271":0,"273":0,"274":0,"277":0,"279":0,"282":0,"286":0,"287":0,"288":0,"296":0,"297":0,"298":0,"299":0,"301":0,"307":0,"308":0,"315":0,"316":0,"319":0,"320":0,"327":0,"328":0,"331":0,"332":0,"335":0,"336":0,"337":0,"339":0,"340":0,"343":0,"346":0,"347":0,"348":0,"352":0,"353":0,"358":0,"359":0,"360":0,"363":0,"372":0,"374":0,"376":0,"382":0,"384":0,"385":0,"392":0,"394":0,"395":0,"398":0,"400":0,"401":0,"402":0,"403":0,"405":0,"406":0,"407":0,"411":0,"418":0,"420":0,"421":0,"424":0,"426":0,"427":0,"428":0,"429":0,"430":0,"434":0,"441":0,"443":0,"444":0,"447":0,"449":0,"450":0,"451":0,"452":0,"453":0,"457":0,"465":0,"466":0,"467":0,"473":0,"474":0,"475":0,"476":0,"482":0,"483":0,"484":0,"492":0,"493":0,"496":0,"497":0,"503":0,"505":0,"506":0,"508":0,"509":0,"511":0,"514":0,"515":0,"516":0,"518":0,"519":0,"521":0,"536":0,"537":0,"540":0,"541":0,"544":0,"545":0,"548":0,"549":0,"550":0,"551":0,"556":0,"557":0,"558":0,"562":0,"563":0,"565":0,"566":0,"567":0,"571":0,"572":0,"573":0,"574":0,"575":0,"579":0,"580":0,"583":0,"586":0,"587":0,"588":0,"593":0,"597":0,"598":0,"599":0,"602":0,"603":0,"605":0,"606":0,"607":0,"612":0,"613":0,"614":0,"615":0,"616":0,"618":0,"619":0,"620":0,"640":0,"641":0,"644":0,"645":0,"648":0,"649":0,"652":0,"653":0,"656":0,"657":0,"659":0,"660":0,"661":0,"662":0,"663":0,"670":0,"673":0,"674":0,"675":0,"676":0,"679":0,"680":0,"684":0,"685":0,"687":0,"688":0,"690":0,"694":0,"696":0,"697":0,"699":0,"700":0,"704":0,"705":0,"706":0,"711":0,"712":0,"719":0,"720":0,"721":0,"724":0,"725":0,"727":0,"728":0,"729":0,"734":0,"735":0,"739":0,"740":0,"742":0,"743":0,"744":0,"745":0,"749":0,"750":0,"751":0,"752":0,"762":0,"764":0,"765":0,"766":0,"767":0,"768":0,"769":0,"773":0,"774":0,"782":0,"784":0,"785":0,"786":0,"787":0,"788":0,"789":0,"790":0,"796":0,"797":0,"798":0,"808":0,"815":0,"817":0,"818":0,"821":0,"823":0,"824":0,"825":0,"829":0,"834":0,"839":0,"844":0,"851":0,"858":0,"865":0,"873":0,"874":0,"876":0,"877":0,"880":0,"882":0,"885":0,"886":0,"887":0,"888":0,"891":0,"892":0,"893":0,"894":0,"895":0,"896":0,"897":0,"900":0,"918":0,"919":0,"920":0,"924":0,"925":0,"929":0,"930":0,"931":0,"935":0,"942":0,"944":0,"945":0,"948":0,"950":0,"951":0,"952":0,"956":0,"968":0,"980":0,"981":0,"983":0,"984":0,"994":0,"995":0,"997":0,"1004":0,"1006":0,"1007":0,"1010":0,"1012":0,"1013":0,"1014":0,"1018":0,"1025":0,"1035":0,"1038":0,"1039":0},"path":"/Users/amgi/Desktop/mph-router/contracts/TieredGameInventoryStudioChain1155.sol","s":{"1":0,"2":0,"3":0,"4":0,"5":0,"6":0,"7":0,"8":0,"9":0,"10":0,"11":0,"12":0,"13":0,"14":0,"15":0,"16":0,"17":0,"18":0,"19":0,"20":0,"21":0,"22":0,"23":0,"24":0,"25":0,"26":0,"27":0,"28":0,"29":0,"30":0,"31":0,"32":0,"33":0,"34":0,"35":0,"36":0,"37":0,"38":0,"39":0,"40":0,"41":0,"42":0,"43":0,"44":0,"45":0,"46":0,"47":0,"48":0,"49":0,"50":0,"51":0,"52":0,"53":0,"54":0,"55":0,"56":0,"57":0,"58":0,"59":0,"60":0,"61":0,"62":0,"63":0,"64":0,"65":0,"66":0,"67":0,"68":0,"69":0,"70":0,"71":0,"72":0,"73":0,"74":0,"75":0,"76":0,"77":0,"78":0,"79":0,"80":0,"81":0,"82":0,"83":0,"84":0,"85":0,"86":0,"87":0,"88":0,"89":0,"90":0,"91":0,"92":0,"93":0,"94":0,"95":0,"96":0,"97":0,"98":0,"99":0,"100":0,"101":0,"102":0,"103":0,"104":0,"105":0,"106":0,"107":0,"108":0,"109":0,"110":0,"111":0,"112":0,"113":0,"114":0,"115":0,"116":0,"117":0,"118":0,"119":0,"120":0,"121":0,"122":0,"123":0,"124":0,"125":0,"126":0,"127":0,"128":0,"129":0,"130":0,"131":0,"132":0,"133":0,"134":0,"135":0,"136":0,"137":0,"138":0,"139":0,"140":0,"141":0,"142":0,"143":0,"144":0,"145":0,"146":0,"147":0,"148":0,"149":0,"150":0,"151":0,"152":0,"153":0,"154":0,"155":0,"156":0,"157":0,"158":0,"159":0,"160":0,"161":0,"162":0,"163":0,"164":0,"165":0,"166":0,"167":0,"168":0,"169":0,"170":0,"171":0,"172":0,"173":0,"174":0,"175":0,"176":0,"177":0,"178":0,"179":0,"180":0,"181":0,"182":0,"183":0,"184":0,"185":0,"186":0,"187":0,"188":0,"189":0,"190":0,"191":0,"192":0,"193":0,"194":
[...]
19,"type":"cond-expr","locations":[{"start":{"line":119,"column":12},"end":{"line":119,"column":39}},{"start":{"line":120,"column":8},"end":{"line":120,"column":46}}]},"4":{"line":119,"type":"cond-expr","locations":[{"start":{"line":119,"column":12},"end":{"line":120,"column":46}},{"start":{"line":121,"column":8},"end":{"line":121,"column":36}}]},"5":{"line":119,"type":"cond-expr","locations":[{"start":{"line":119,"column":12},"end":{"line":121,"column":36}},{"start":{"line":122,"column":8},"end":{"line":122,"column":39}}]},"6":{"line":119,"type":"cond-expr","locations":[{"start":{"line":119,"column":12},"end":{"line":122,"column":39}},{"start":{"line":123,"column":8},"end":{"line":123,"column":51}}]},"7":{"line":154,"type":"if","locations":[{"start":{"line":154,"column":15},"end":{"line":154,"column":15}},{"start":{"line":154,"column":15},"end":{"line":154,"column":15}}]},"8":{"line":157,"type":"if","locations":[{"start":{"line":157,"column":8},"end":{"line":157,"column":8}},{"start":{"line":157,"column":8},"end":{"line":157,"column":8}}]},"9":{"line":161,"type":"if","locations":[{"start":{"line":161,"column":8},"end":{"line":161,"column":8}},{"start":{"line":161,"column":8},"end":{"line":161,"column":8}}]},"10":{"line":161,"type":"cond-expr","locations":[{"start":{"line":161,"column":12},"end":{"line":161,"column":48}},{"start":{"line":162,"column":12},"end":{"line":162,"column":59}}]},"11":{"line":166,"type":"if","locations":[{"start":{"line":166,"column":8},"end":{"line":166,"column":8}},{"start":{"line":166,"column":8},"end":{"line":166,"column":8}}]},"12":{"line":200,"type":"if","locations":[{"start":{"line":200,"column":15},"end":{"line":200,"column":15}},{"start":{"line":200,"column":15},"end":{"line":200,"column":15}}]},"13":{"line":201,"type":"if","locations":[{"start":{"line":201,"column":8},"end":{"line":201,"column":8}},{"start":{"line":201,"column":8},"end":{"line":201,"column":8}}]},"14":{"line":205,"type":"if","locations":[{"start":{"line":205,"column":8},"end":{"line":205,"column":8}},{"start":{"line":205,"column":8},"end":{"line":205,"column":8}}]},"15":{"line":214,"type":"if","locations":[{"start":{"line":214,"column":12},"end":{"line":214,"column":12}},{"start":{"line":214,"column":12},"end":{"line":214,"column":12}}]},"16":{"line":218,"type":"if","locations":[{"start":{"line":218,"column":12},"end":{"line":218,"column":12}},{"start":{"line":218,"column":12},"end":{"line":218,"column":12}}]},"17":{"line":218,"type":"cond-expr","locations":[{"start":{"line":218,"column":16},"end":{"line":218,"column":56}},{"start":{"line":219,"column":16},"end":{"line":219,"column":67}}]},"18":{"line":230,"type":"if","locations":[{"start":{"line":230,"column":12},"end":{"line":230,"column":12}},{"start":{"line":230,"column":12},"end":{"line":230,"column":12}}]},"19":{"line":270,"type":"if","locations":[{"start":{"line":270,"column":15},"end":{"line":270,"column":15}},{"start":{"line":270,"column":15},"end":{"line":270,"column":15}}]},"20":{"line":273,"type":"if","locations":[{"start":{"line":273,"column":8},"end":{"line":273,"column":8}},{"start":{"line":273,"column":8},"end":{"line":273,"column":8}}]},"21":{"line":279,"type":"if","locations":[{"start":{"line":279,"column":8},"end":{"line":279,"column":8}},{"start":{"line":279,"column":8},"end":{"line":279,"column":8}}]},"22":{"line":279,"type":"cond-expr","locations":[{"start":{"line":279,"column":12},"end":{"line":279,"column":57}},{"start":{"line":280,"column":12},"end":{"line":280,"column":52}}]},"23":{"line":279,"type":"cond-expr","locations":[{"start":{"line":279,"column":12},"end":{"line":280,"column":52}},{"start":{"line":281,"column":12},"end":{"line":281,"column":63}}]},"24":{"line":287,"type":"if","locations":[{"start":{"line":287,"column":12},"end":{"line":287,"column":12}},{"start":{"line":287,"column":12},"end":{"line":287,"column":12}}]},"25":{"line":306,"type":"if","locations":[{"start":{"line":306,"column":56},"end":{"line":306,"column":56}},{"start":{"line":306,"column":56},"end":{"line":306,"column":56}}]},"26":{"line":314,"type":"if","locations":[{"start":{"line":314,"column":80},"end":{"line":314,"column":80}},{"start":{"line":314,"column":80},"end":{"line":314,"column":80}}]},"27":{"line":315,"type":"if","locations":[{"start":{"line":315,"column":8},"end":{"line":315,"column":8}},{"start":{"line":315,"column":8},"end":{"line":315,"column":8}}]},"28":{"line":326,"type":"if","locations":[{"start":{"line":326,"column":103},"end":{"line":326,"column":103}},{"start":{"line":326,"column":103},"end":{"line":326,"column":103}}]},"29":{"line":327,"type":"if","locations":[{"start":{"line":327,"column":8},"end":{"line":327,"column":8}},{"start":{"line":327,"column":8},"end":{"line":327,"column":8}}]},"30":{"line":331,"type":"if","locations":[{"start":{"line":331,"column":8},"end":{"line":331,"column":8}},{"start":{"line":331,"column":8},"end":{"line":331,"column":8}}]},"31":{"line":339,"type":"if","locations":[{"start":{"line":339,"column":12},"end":{"line":339,"column":12}},{"start":{"line":339,"column":12},"end":{"line":339,"column":12}}]},"32":{"line":352,"type":"if","locations":[{"start":{"line":352,"column":12},"end":{"line":352,"column":12}},{"start":{"line":352,"column":12},"end":{"line":352,"column":12}}]},"33":{"line":371,"type":"if","locations":[{"start":{"line":371,"column":70},"end":{"line":371,"column":70}},{"start":{"line":371,"column":70},"end":{"line":371,"column":70}}]},"34":{"line":372,"type":"if","locations":[{"start":{"line":372,"column":8},"end":{"line":372,"column":8}},{"start":{"line":372,"column":8},"end":{"line":372,"column":8}}]},"35":{"line":381,"type":"if","locations":[{"start":{"line":381,"column":67},"end":{"line":381,"column":67}},{"start":{"line":381,"column":67},"end":{"line":381,"column":67}}]},"36":{"line":382,"type":"if","locations":[{"start":{"line":382,"column":8},"end":{"line":382,"column":8}},{"start":{"line":382,"column":8},"end":{"line":382,"column":8}}]},"37":{"line":391,"type":"if","locations":[{"start":{"line":391,"column":85},"end":{"line":391,"column":85}},{"start":{"line":391,"column":85},"end":{"line":391,"column":85}}]},"38":{"line":394,"type":"if","locations":[{"start":{"line":394,"column":8},"end":{"line":394,"column":8}},{"start":{"line":394,"column":8},"end":{"line":394,"column":8}}]},"39":{"line":401,"type":"if","locations":[{"start":{"line":401,"column":12},"end":{"line":401,"column":12}},{"start":{"line":401,"column":12},"end":{"line":401,"column":12}}]},"40":{"line":402,"type":"if","locations":[{"start":{"line":402,"column":16},"end":{"line":402,"column":16}},{"start":{"line":402,"column":16},"end":{"line":402,"column":16}}]},"41":{"line":417,"type":"if","locations":[{"start":{"line":417,"column":77},"end":{"line":417,"column":77}},{"start":{"line":417,"column":77},"end":{"line":417,"column":77}}]},"42":{"line":420,"type":"if","locations":[{"start":{"line":420,"column":8},"end":{"line":420,"column":8}},{"start":{"line":420,"column":8},"end":{"line":420,"column":8}}]},"43":{"line":427,"type":"if","locations":[{"start":{"line":427,"column":12},"end":{"line":427,"column":12}},{"start":{"line":427,"column":12},"end":{"line":427,"column":12}}]},"44":{"line":440,"type":"if","locations":[{"start":{"line":440,"column":96},"end":{"line":440,"column":96}},{"start":{"line":440,"column":96},"end":{"line":440,"column":96}}]},"45":{"line":443,"type":"if","locations":[{"start":{"line":443,"column":8},"end":{"line":443,"column":8}},{"start":{"line":443,"column":8},"end":{"line":443,"column":8}}]},"46":{"line":450,"type":"if","locations":[{"start":{"line":450,"column":12},"end":{"line":450,"column":12}},{"start":{"line":450,"column":12},"end":{"line":450,"column":12}}]},"47":{"line":464,"type":"if","locations":[{"start":{"line":464,"column":62},"end":{"line":464,"column":62}},{"start":{"line":464,"column":62},"end":{"line":464,"column":62}}]},"48":{"line":465,"type":"if","locations":[{"start":{"line":465,"column":8},"end":{"line":465,"column":8}},{"start":{"line":465,"column":8},"end":{"line":465,"column":8}}]},"49":{"line":472,"type":"if","locations":[{"start":{"line":472,"column":84},"end":{"line":472,"column":84}},{"start":{"line":472,"column":84},"end":{"line":472,"column":84}}]},"50":{"line":473,"type":"if","locations":[{"start":{"line":473,"column":8},"end":{"line":473,"column":8}},{"start":{"line":473,"column":8},"end":{"line":473,"column":8}}]},"51":{"line":481,"type":"if","locations":[{"start":{"line":481,"column":60},"end":{"line":481,"column":60}},{"start":{"line":481,"column":60},"end":{"line":481,"column":60}}]},"52":{"line":482,"type":"if","locations":[{"start":{"line":482,"column":8},"end":{"line":482,"column":8}},{"start":{"line":482,"column":8},"end":{"line":482,"column":8}}]},"53":{"line":490,"type":"if","locations":[{"start":{"line":490,"column":75},"end":{"line":490,"column":75}},{"start":{"line":490,"column":75},"end":{"line":490,"column":75}}]},"54":{"line":492,"type":"if","locations":[{"start":{"line":492,"column":8},"end":{"line":492,"column":8}},{"start":{"line":492,"column":8},"end":{"line":492,"column":8}}]},"55":{"line":502,"type":"if","locations":[{"start":{"line":502,"column":53},"end":{"line":502,"column":53}},{"start":{"line":502,"column":53},"end":{"line":502,"column":53}}]},"56":{"line":503,"type":"if","locations":[{"start":{"line":503,"column":8},"end":{"line":503,"column":8}},{"start":{"line":503,"column":8},"end":{"line":503,"column":8}}]},"57":{"line":506,"type":"if","locations":[{"start":{"line":506,"column":12},"end":{"line":506,"column":12}},{"start":{"line":506,"column":12},"end":{"line":506,"column":12}}]},"58":{"line":509,"type":"if","locations":[{"start":{"line":509,"column":12},"end":{"line":509,"column":12}},{"start":{"line":509,"column":12},"end":{"line":509,"column":12}}]},"59":{"line":516,"type":"if","locations":[{"start":{"line":516,"column":12},"end":{"line":516,"column":12}},{"start":{"line":516,"column":12},"end":{"line":516,"column":12}}]},"60":{"line":519,"type":"if","locations":[{"start":{"line":519,"column":12},"end":{"line":519,"column":12}},{"start":{"line":519,"column":12},"end":{"line":519,"column":12}}]},"61":{"line":536,"type":"if","locations":[{"start":{"line":536,"column":8},"end":{"line":536,"column":8}},{"start":{"line":536,"column":8},"end":{"line":536,"column":8}}]},"62":{"line":540,"type":"if","locations":[{"start":{"line":540,"column":8},"end":{"line":540,"column":8}},{"start":{"line":540,"column":8},"end":{"line":540,"column":8}}]},"63":{"line":544,"type":"if","locations":[{"start":{"line":544,"column":8},"end":{"line":544,"column":8}},{"start":{"line":544,"column":8},"end":{"line":544,"column":8}}]},"64":{"line":550,"type":"if","locations":[{"start":{"line":550,"column":12},"end":{"line":550,"column":12}},{"start":{"line":550,"column":12},"end":{"line":550,"column":12}}]},"65":{"line":557,"type":"if","locations":[{"start":{"line":557,"column":8},"end":{"line":557,"column":8}},{"start":{"line":557,"column":8},"end":{"line":557,"column":8}}]},"66":{"line":566,"type":"if","locations":[{"start":{"line":566,"column":12},"end":{"line":566,"column":12}},{"start":{"line":566,"column":12},"end":{"line":566,"column":12}}]},"67":{"line":573,"type":"if","locations":[{"start":{"line":573,"column":16},"end":{"line":573,"column":16}},{"start":{"line":573,"column":16},"end":{"line":573,"column":16}}]},"68":{"line":579,"type":"if","locations":[{"start":{"line":579,"column":12},"end":{"line":579,"column":12}},{"start":{"line":579,"column":12},"end":{"line":579,"column":12}}]},"69":{"line":586,"type":"if","locations":[{"start":{"line":586,"column":12},"end":{"line":586,"column":12}},{"start":{"line":586,"column":12},"end":{"line":586,"column":12}}]},"70":{"line":587,"type":"if","locations":[{"start":{"line":587,"column":16},"end":{"line":587,"column":16}},{"start":{"line":587,"column":16},"end":{"line":587,"column":16}}]},"71":{"line":597,"type":"if","locations":[{"start":{"line":597,"column":8},"end":{"line":597,"column":8}},{"start":{"line":597,"column":8},"end":{"line":597,"column":8}}]},"72":{"line":598,"type":"if","locations":[{"start":{"line":598,"column":12},"end":{"line":598,"column":12}},{"start":{"line":598,"column":12},"end":{"line":598,"column":12}}]},"73":{"line":603,"type":"if","locations":[{"start":{"line":603,"column":12},"end":{"line":603,"column":12}},{"start":{"line":603,"column":12},"end":{"line":603,"column":12}}]},"74":{"line":605,"type":"if","locations":[{"start":{"line":605,"column":12},"end":{"line":605,"column":12}},{"start":{"line":605,"column":12},"end":{"line":605,"column":12}}]},"75":{"line":607,"type":"if","locations":[{"start":{"line":607,"column":16},"end":{"line":607,"column":16}},{"start":{"line":607,"column":16},"end":{"line":607,"column":16}}]},"76":{"line":613,"type":"if","locations":[{"start":{"line":613,"column":12},"end":{"line":613,"column":12}},{"start":{"line":613,"column":12},"end":{"line":613,"column":12}}]},"77":{"line":640,"type":"if","locations":[{"start":{"line":640,"column":8},"end":{"line":640,"column":8}},{"start":{"line":640,"column":8},"end":{"line":640,"column":8}}]},"78":{"line":644,"type":"if","locations":[{"start":{"line":644,"column":8},"end":{"line":644,"column":8}},{"start":{"line":644,"column":8},"end":{"line":644,"column":8}}]},"79":{"line":644,"type":"cond-expr","locations":[{"start":{"line":644,"column":12},"end":{"line":644,"column":46}},{"start":{"line":644,"column":51},"end":{"line":644,"column":83}}]},"80":{"line":648,"type":"if","locations":[{"start":{"line":648,"column":8},"end":{"line":648,"column":8}},{"start":{"line":648,"column":8},"end":{"line":648,"column":8}}]},"81":{"line":652,"type":"if","locations":[{"start":{"line":652,"column":8},"end":{"line":652,"column":8}},{"start":{"line":652,"column":8},"end":{"line":652,"column":8}}]},"82":{"line":660,"type":"if","locations":[{"start":{"line":660,"column":48},"end":{"line":660,"column":52}},{"start":{"line":660,"column":56},"end":{"line":660,"column":56}}]},"83":{"line":662,"type":"if","locations":[{"start":{"line":662,"column":24},"end":{"line":662,"column":24}},{"start":{"line":662,"column":24},"end":{"line":662,"column":24}}]},"84":{"line":675,"type":"if","locations":[{"start":{"line":675,"column":12},"end":{"line":675,"column":12}},{"start":{"line":675,"column":12},"end":{"line":675,"column":12}}]},"85":{"line":679,"type":"if","locations":[{"start":{"line":679,"column":12},"end":{"line":679,"column":12}},{"start":{"line":679,"column":12},"end":{"line":679,"column":12}}]},"86":{"line":687,"type":"if","locations":[{"start":{"line":687,"column":16},"end":{"line":687,"column":16}},{"start":{"line":687,"column":16},"end":{"line":687,"column":16}}]},"87":{"line":697,"type":"if","locations":[{"start":{"line":697,"column":20},"end":{"line":697,"column":20}},{"start":{"line":697,"column":20},"end":{"line":697,"column":20}}]},"88":{"line":699,"type":"if","locations":[{"start":{"line":699,"column":24},"end":{"line":699,"column":24}},{"start":{"line":699,"column":24},"end":{"line":699,"column":24}}]},"89":{"line":704,"type":"if","locations":[{"start":{"line":704,"column":24},"end":{"line":704,"column":24}},{"start":{"line":704,"column":24},"end":{"line":704,"column":24}}]},"90":{"line":705,"type":"if","locations":[{"start":{"line":705,"column":28},"end":{"line":705,"column":28}},{"start":{"line":705,"column":28},"end":{"line":705,"column":28}}]},"91":{"line":719,"type":"if","locations":[{"start":{"line":719,"column":8},"end":{"line":719,"column":8}},{"start":{"line":719,"column":8},"end":{"line":719,"column":8}}]},"92":{"line":720,"type":"if","locations":[{"start":{"line":720,"column":12},"end":{"line":720,"column":12}},{"start":{"line":720,"column":12},"end":{"line":720,"column":12}}]},"93":{"line":725,"type":"if","locations":[{"start":{"line":725,"column":12},"end":{"line":725,"column":12}},{"start":{"line":725,"column":12},"end":{"line":725,"column":12}}]},"94":{"line":727,"type":"if","locations":[{"start":{"line":727,"column":12},"end":{"line":727,"column":12}},{"start":{"line":727,"column":12},"end":{"line":727,"column":12}}]},"95":{"line":729,"type":"if","locations":[{"start":{"line":729,"column":16},"end":{"line":729,"column":16}},{"start":{"line":729,"column":16},"end":{"line":729,"column":16}}]},"96":{"line":740,"type":"if","locations":[{"start":{"line":740,"column":16},"end":{"line":740,"column":16}},{"start":{"line":740,"column":16},"end":{"line":740,"column":16}}]},"97":{"line":743,"type":"if","locations":[{"start":{"line":743,"column":24},"end":{"line":743,"column":24}},{"start":{"line":743,"column":24},"end":{"line":743,"column":24}}]},"98":{"line":767,"type":"if","locations":[{"start":{"line":767,"column":12},"end":{"line":767,"column":12}},{"start":{"line":767,"column":12},"end":{"line":767,"column":12}}]},"99":{"line":773,"type":"if","locations":[{"start":{"line":773,"column":8},"end":{"line":773,"column":8}},{"start":{"line":773,"column":8},"end":{"line":773,"column":8}}]},"100":{"line":788,"type":"if","locations":[{"start":{"line":788,"column":16},"end":{"line":788,"column":16}},{"start":{"line":788,"column":16},"end":{"line":788,"column":16}}]},"101":{"line":796,"type":"if","locations":[{"start":{"line":796,"column":8},"end":{"line":796,"column":8}},{"start":{"line":796,"column":8},"end":{"line":796,"column":8}}]},"102":{"line":817,"type":"if","locations":[{"start":{"line":817,"column":8},"end":{"line":817,"column":8}},{"start":{"line":817,"column":8},"end":{"line":817,"column":8}}]},"103":{"line":824,"type":"if","locations":[{"start":{"line":824,"column":12},"end":{"line":824,"column":12}},{"start":{"line":824,"column":12},"end":{"line":824,"column":12}}]},"104":{"line":876,"type":"if","locations":[{"start":{"line":876,"column":12},"end":{"line":876,"column":12}},{"start":{"line":876,"column":12},"end":{"line":876,"column":12}}]},"105":{"line":880,"type":"if","locations":[{"start":{"line":880,"column":12},"end":{"line":880,"column":12}},{"start":{"line":880,"column":12},"end":{"line":880,"column":12}}]},"106":{"line":880,"type":"cond-expr","locations":[{"start":{"line":880,"column":16},"end":{"line":880,"column":63}},{"start":{"line":881,"column":16},"end":{"line":881,"column":74}}]},"107":{"line":919,"type":"if","locations":[{"start":{"line":919,"column":8},"end":{"line":919,"column":8}},{"start":{"line":919,"column":8},"end":{"line":919,"column":8}}]},"108":{"line":924,"type":"if","locations":[{"start":{"line":924,"column":8},"end":{"line":924,"column":8}},{"start":{"line":924,"column":8},"end":{"line":924,"column":8}}]},"109":{"line":930,"type":"if","locations":[{"start":{"line":930,"column":8},"end":{"line":930,"column":8}},{"start":{"line":930,"column":8},"end":{"line":930,"column":8}}]},"110":{"line":944,"type":"if","locations":[{"start":{"line":944,"column":8},"end":{"line":944,"column":8}},{"start":{"line":944,"column":8},"end":{"line":944,"column":8}}]},"111":{"line":951,"type":"if","locations":[{"start":{"line":951,"column":12},"end":{"line":951,"column":12}},{"start":{"line":951,"column":12},"end":{"line":951,"column":12}}]},"112":{"line":994,"type":"if","locations":[{"start":{"line":994,"column":8},"end":{"line":994,"column":8}},{"start":{"line":994,"column":8},"end":{"line":994,"column":8}}]},"113":{"line":1006,"type":"if","locations":[{"start":{"line":1006,"column":8},"end":{"line":1006,"column":8}},{"start":{"line":1006,"column":8},"end":{"line":1006,"column":8}}]},"114":{"line":1013,"type":"if","locations":[{"start":{"line":1013,"column":12},"end":{"line":1013,"column":12}},{"start":{"line":1013,"column":12},"end":{"line":1013,"column":12}}]},"115":{"line":1026,"type":"cond-expr","locations":[{"start":{"line":1026,"column":12},"end":{"line":1026,"column":52}},{"start":{"line":1027,"column":12},"end":{"line":1027,"column":47}}]},"116":{"line":1038,"type":"if","locations":[{"start":{"line":1038,"column":8},"end":{"line":1038,"column":8}},{"start":{"line":1038,"column":8},"end":{"line":1038,"column":8}}]}}}}